#
# There is insufficient memory for the Java Runtime Environment to continue.
# Native memory allocation (mmap) failed to map 201326592 bytes for Failed to commit area from 0x0000000741600000 to 0x000000074d600000 of length 201326592.
# Possible reasons:
#   The system is out of physical RAM or swap space
#   The process is running with CompressedOops enabled, and the Java Heap may be blocking the growth of the native heap
# Possible solutions:
#   Reduce memory load on the system
#   Increase physical memory or swap space
#   Check if swap backing store is full
#   Decrease Java heap size (-Xmx/-Xms)
#   Decrease number of Java threads
#   Decrease Java thread stack sizes (-Xss)
#   Set larger code cache with -XX:ReservedCodeCacheSize=
# This output file may be truncated or incomplete.
#
#  Out of Memory Error (./src/hotspot/os/windows/os_windows.cpp:3619), pid=1852, tid=18300
#
# JRE version:  (11.0.13+7) (build )
# Java VM: OpenJDK 64-Bit Server VM (11.0.13+7-b1751.21, mixed mode, sharing, tiered, compressed oops, g1 gc, windows-amd64)
# No core dump will be written. Minidumps are not enabled by default on client versions of Windows
#

---------------  S U M M A R Y ------------

Command Line: git4idea.http.GitAskPassApp Username for 'https://github.com': 

Host: Intel(R) Core(TM) i5-8250U CPU @ 1.60GHz, 8 cores, 11G,  Windows 11 , 64 bit Build 22000 (10.0.22000.613)
Time: Tue May 17 23:52:09 2022 RTZ 2 (зима) elapsed time: 0.062803 seconds (0d 0h 0m 0s)

---------------  T H R E A D  ---------------

Current thread (0x000002897730c000):  JavaThread "Unknown thread" [_thread_in_vm, id=18300, stack(0x000000edb6d00000,0x000000edb6e00000)]

Stack: [0x000000edb6d00000,0x000000edb6e00000]
Native frames: (J=compiled Java code, j=interpreted, Vv=VM code, C=native code)
V  [jvm.dll+0x613daa]
V  [jvm.dll+0x799b30]
V  [jvm.dll+0x79b14d]
V  [jvm.dll+0x79b823]
V  [jvm.dll+0x24c958]
V  [jvm.dll+0x610e24]
V  [jvm.dll+0x605b25]
V  [jvm.dll+0x30aaab]
V  [jvm.dll+0x30aa1a]
V  [jvm.dll+0x30a8f2]
V  [jvm.dll+0x30f856]
V  [jvm.dll+0x359143]
V  [jvm.dll+0x359846]
V  [jvm.dll+0x359243]
V  [jvm.dll+0x2e57a8]
V  [jvm.dll+0x2e6947]
V  [jvm.dll+0x776d47]
V  [jvm.dll+0x77853c]
V  [jvm.dll+0x3666c9]
V  [jvm.dll+0x75a9ce]
V  [jvm.dll+0x3d47d3]
V  [jvm.dll+0x3d6d21]
C  [jli.dll+0x536b]
C  [ucrtbase.dll+0x26c0c]
C  [KERNEL32.DLL+0x154e0]
C  [ntdll.dll+0x485b]


---------------  P R O C E S S  ---------------

Threads class SMR info:
_java_thread_list=0x0000028977163c30, length=0, elements={
}

Java Threads: ( => current thread )

Other Threads:
  0x0000028977327000 GCTaskThread "GC Thread#0" [stack: 0x000000edb6e00000,0x000000edb6f00000] [id=11564]
  0x000002897736f800 ConcurrentGCThread "G1 Main Marker" [stack: 0x000000edb6f00000,0x000000edb7000000] [id=10072]
  0x0000028977371800 ConcurrentGCThread "G1 Conc#0" [stack: 0x000000edb7000000,0x000000edb7100000] [id=4428]

[error occurred during error reporting (printing all threads), id 0xc0000005, EXCEPTION_ACCESS_VIOLATION (0xc0000005) at pc=0x00007ffba8a25c97]

VM state:not at safepoint (not fully initialized)

VM Mutex/Monitor currently owned by a thread:  ([mutex/lock_event])
[0x0000028977308d60] Heap_lock - owner thread: 0x000002897730c000

Heap address: 0x0000000741600000, size: 3050 MB, Compressed Oops mode: Non-zero based: 0x0000000741600000
Narrow klass base: 0x0000000000000000, Narrow klass shift: 0

GC Heap History (0 events):
No events

Deoptimization events (0 events):
No events

Classes redefined (0 events):
No events

Internal exceptions (0 events):
No events

Events (1 events):
Event: 0.038 Loaded shared library D:\Programs\IntelliJ IDEA 2021.3.1\jbr\bin\zip.dll


Dynamic libraries:
0x00007ff6496a0000 - 0x00007ff6496aa000 	D:\Programs\IntelliJ IDEA 2021.3.1\jbr\bin\java.exe
0x00007ffbe0c00000 - 0x00007ffbe0e09000 	C:\Windows\SYSTEM32\ntdll.dll
0x00007ffbdf7b0000 - 0x00007ffbdf86d000 	C:\Windows\System32\KERNEL32.DLL
0x00007ffbde210000 - 0x00007ffbde584000 	C:\Windows\System32\KERNELBASE.dll
0x00007ffbde8c0000 - 0x00007ffbde9d1000 	C:\Windows\System32\ucrtbase.dll
0x00007ffbb8490000 - 0x00007ffbb84a9000 	D:\Programs\IntelliJ IDEA 2021.3.1\jbr\bin\jli.dll
0x00007ffbdf390000 - 0x00007ffbdf53c000 	C:\Windows\System32\USER32.dll
0x00007ffbde590000 - 0x00007ffbde5b6000 	C:\Windows\System32\win32u.dll
0x00007ffbc4190000 - 0x00007ffbc4435000 	C:\Windows\WinSxS\amd64_microsoft.windows.common-controls_6595b64144ccf1df_6.0.22000.120_none_9d947278b86cc467\COMCTL32.dll
0x00007ffbb8470000 - 0x00007ffbb8487000 	D:\Programs\IntelliJ IDEA 2021.3.1\jbr\bin\VCRUNTIME140.dll
0x00007ffbdfe70000 - 0x00007ffbdfe99000 	C:\Windows\System32\GDI32.dll
0x00007ffbdeb20000 - 0x00007ffbdebc3000 	C:\Windows\System32\msvcrt.dll
0x00007ffbde0f0000 - 0x00007ffbde202000 	C:\Windows\System32\gdi32full.dll
0x00007ffbde820000 - 0x00007ffbde8bd000 	C:\Windows\System32\msvcp_win.dll
0x00007ffbdf630000 - 0x00007ffbdf661000 	C:\Windows\System32\IMM32.DLL
0x00007ffbaa000000 - 0x00007ffbaa09d000 	D:\Programs\IntelliJ IDEA 2021.3.1\jbr\bin\msvcp140.dll
0x00007ffba8730000 - 0x00007ffba92a6000 	D:\Programs\IntelliJ IDEA 2021.3.1\jbr\bin\server\jvm.dll
0x00007ffbdf700000 - 0x00007ffbdf7ae000 	C:\Windows\System32\ADVAPI32.dll
0x00007ffbe0b20000 - 0x00007ffbe0bbe000 	C:\Windows\System32\sechost.dll
0x00007ffbe0300000 - 0x00007ffbe0420000 	C:\Windows\System32\RPCRT4.dll
0x00007ffbe0960000 - 0x00007ffbe0968000 	C:\Windows\System32\PSAPI.DLL
0x00007ffbc3ee0000 - 0x00007ffbc3ee9000 	C:\Windows\SYSTEM32\WSOCK32.dll
0x00007ffbdfce0000 - 0x00007ffbdfd4f000 	C:\Windows\System32\WS2_32.dll
0x00007ffbd7aa0000 - 0x00007ffbd7ad3000 	C:\Windows\SYSTEM32\WINMM.dll
0x00007ffbd8660000 - 0x00007ffbd866a000 	C:\Windows\SYSTEM32\VERSION.dll
0x00007ffbdd2e0000 - 0x00007ffbdd2f8000 	C:\Windows\SYSTEM32\kernel.appcore.dll
0x00007ffbd91f0000 - 0x00007ffbd9201000 	D:\Programs\IntelliJ IDEA 2021.3.1\jbr\bin\verify.dll
0x00007ffbc6ee0000 - 0x00007ffbc7101000 	C:\Windows\SYSTEM32\DBGHELP.DLL
0x00007ffbc6b70000 - 0x00007ffbc6ba1000 	C:\Windows\SYSTEM32\dbgcore.DLL
0x00007ffbde5c0000 - 0x00007ffbde63f000 	C:\Windows\System32\bcryptPrimitives.dll
0x00007ffbd8d00000 - 0x00007ffbd8d29000 	D:\Programs\IntelliJ IDEA 2021.3.1\jbr\bin\java.dll
0x00007ffbd8cd0000 - 0x00007ffbd8cdb000 	D:\Programs\IntelliJ IDEA 2021.3.1\jbr\bin\jimage.dll
0x00007ffbd8cb0000 - 0x00007ffbd8cc8000 	D:\Programs\IntelliJ IDEA 2021.3.1\jbr\bin\zip.dll

dbghelp: loaded successfully - version: 4.0.5 - missing functions: none
symbol engine: initialized successfully - sym options: 0x614 - pdb path: .;D:\Programs\IntelliJ IDEA 2021.3.1\jbr\bin;C:\Windows\SYSTEM32;C:\Windows\WinSxS\amd64_microsoft.windows.common-controls_6595b64144ccf1df_6.0.22000.120_none_9d947278b86cc467;D:\Programs\IntelliJ IDEA 2021.3.1\jbr\bin\server

VM Arguments:
java_command: git4idea.http.GitAskPassApp Username for 'https://github.com': 
java_class_path (initial): D:/Programs/IntelliJ IDEA 2021.3.1/plugins/git4idea/lib/git4idea-rt.jar;D:/Programs/IntelliJ IDEA 2021.3.1/lib/3rd-party.jar;D:/Programs/IntelliJ IDEA 2021.3.1/lib/3rd-party-rt.jar
Launcher Type: SUN_STANDARD

[Global flags]
     intx CICompilerCount                          = 4                                         {product} {ergonomic}
     uint ConcGCThreads                            = 2                                         {product} {ergonomic}
     uint G1ConcRefinementThreads                  = 8                                         {product} {ergonomic}
   size_t G1HeapRegionSize                         = 1048576                                   {product} {ergonomic}
    uintx GCDrainStackTargetSize                   = 64                                        {product} {ergonomic}
   size_t InitialHeapSize                          = 201326592                                 {product} {ergonomic}
   size_t MarkStackSize                            = 4194304                                   {product} {ergonomic}
   size_t MaxHeapSize                              = 3198156800                                {product} {ergonomic}
   size_t MinHeapDeltaBytes                        = 1048576                                   {product} {ergonomic}
    uintx NonNMethodCodeHeapSize                   = 5836300                                {pd product} {ergonomic}
    uintx NonProfiledCodeHeapSize                  = 122910970                              {pd product} {ergonomic}
    uintx ProfiledCodeHeapSize                     = 122910970                              {pd product} {ergonomic}
    uintx ReservedCodeCacheSize                    = 251658240                              {pd product} {ergonomic}
     bool SegmentedCodeCache                       = true                                      {product} {ergonomic}
     bool UseCompressedClassPointers               = true                                 {lp64_product} {ergonomic}
     bool UseCompressedOops                        = true                                 {lp64_product} {ergonomic}
     bool UseG1GC                                  = true                                      {product} {ergonomic}
     bool UseLargePagesIndividualAllocation        = false                                  {pd product} {ergonomic}

Logging:
Log output configuration:
 #0: stdout all=warning uptime,level,tags
 #1: stderr all=off uptime,level,tags

Environment Variables:
JAVA_HOME=C:\Program Files\Java\jdk1.8.0_331
CLASSPATH=C:\Program Files\Java\jdk-17.0.1\lib\*.jar
PATH=C:\Program Files\Git\mingw64\libexec\git-core;C:\Program Files\Git\mingw64\libexec\git-core;C:\Program Files\Git\mingw64\bin;C:\Program Files\Git\usr\bin;C:\Users\Daniil\bin;D:\Programs\VMWare\bin;C:\Program Files\Common Files\Oracle\Java\javapath;C:\Program Files (x86)\Common Files\Oracle\Java\javapath;C:\Windows\system32;C:\Windows;C:\Windows\System32\Wbem;C:\Windows\System32\WindowsPowerShell\v1.0;D:\Programs\VS Compilers\mingw64\bin;C:\Program Files\Git\cmd;C:\Program Files\NVIDIA Corporation\NVIDIA NvDLISR;C:\Program Files (x86)\NVIDIA Corporation\PhysX\Common;C:\Program Files\Java\jdk-17.0.1\bin;D:\Programs\Matlab\runtime\win64;D:\Programs\Matlab\bin;%NVM_HOME%;%NVM_SYMLINK%;C:\Program Files\MySQL\MySQL Shell 8.0\bin;C:\Users\Daniil\AppData\Local\Microsoft\WindowsApps;D:\Programs\Microsoft VS Code\bin;D:\Programs\IntelliJ IDEA 2021.3.1\bin;D:\Programs\PyCharm 2021.3.2\bin;C:\Users\Daniil\AppData\Roaming\npm;C:\Users\Daniil\AppData\Roaming\nvm;C:\Program Files\nodejs
USERNAME=Daniil
DISPLAY=:0.0
LC_ALL=en_US.UTF-8
OS=Windows_NT
PROCESSOR_IDENTIFIER=Intel64 Family 6 Model 142 Stepping 10, GenuineIntel



---------------  S Y S T E M  ---------------

OS: Windows 11 , 64 bit Build 22000 (10.0.22000.613)
OS uptime: 2 days 11:30 hours

CPU:total 8 (initial active 8) (4 cores per cpu, 2 threads per core) family 6 model 142 stepping 10 microcode 0xe0, cmov, cx8, fxsr, mmx, sse, sse2, sse3, ssse3, sse4.1, sse4.2, popcnt, avx, avx2, aes, clmul, erms, 3dnowpref, lzcnt, ht, tsc, tscinvbit, bmi1, bmi2, adx, fma

Memory: 4k page, system-wide physical 12197M (208M free)
TotalPageFile size 24790M (AvailPageFile size 152M)
current process WorkingSet (physical memory assigned to process): 10M, peak: 10M
current process commit charge ("private bytes"): 60M, peak: 252M

vm_info: OpenJDK 64-Bit Server VM (11.0.13+7-b1751.21) for windows-amd64 JRE (11.0.13+7-b1751.21), built on Nov 30 2021 02:32:50 by "" with MS VC++ 14.0 (VS2015)

END.
