#
# A fatal error has been detected by the Java Runtime Environment:
#
#  EXCEPTION_ACCESS_VIOLATION (0xc0000005) at pc=0x0000027ce579bf8f, pid=11864, tid=3884
#
# JRE version: Java(TM) SE Runtime Environment 18.9 (11.0.15+8) (build 11.0.15+8-LTS-149)
# Java VM: Java HotSpot(TM) 64-Bit Server VM 18.9 (11.0.15+8-LTS-149, mixed mode, tiered, compressed oops, g1 gc, windows-amd64)
# Problematic frame:
# j  bsu.rpact.medionefrontend.utils.RippleCardFactory.lambda$getComponentEventListener$802c2646$1(Lorg/hl7/fhir/r4/model/DomainResource;Lcom/vaadin/flow/component/ComponentEvent;)V+166
#
# No core dump will be written. Minidumps are not enabled by default on client versions of Windows
#
# If you would like to submit a bug report, please visit:
#   https://bugreport.java.com/bugreport/crash.jsp
#

---------------  S U M M A R Y ------------

Command Line: -agentlib:jdwp=transport=dt_socket,address=127.0.0.1:60989,suspend=y,server=n -XX:TieredStopAtLevel=1 -Xverify:none -Dspring.output.ansi.enabled=always -Dcom.sun.management.jmxremote -Dspring.jmx.enabled=true -Dspring.liveBeansView.mbeanDomain -Dspring.application.admin.enabled=true -javaagent:C:\Users\Daniil\AppData\Local\JetBrains\IntelliJIdea2021.3\captureAgent\debugger-agent.jar -Dfile.encoding=UTF-8 bsu.rpact.medionefrontend.MedioneFrontendApplication

Host: Intel(R) Core(TM) i5-8250U CPU @ 1.60GHz, 8 cores, 11G,  Windows 11 , 64 bit Build 22000 (10.0.22000.708)
Time: Sun Dec  4 16:59:22 2022 Беларусь (зима) elapsed time: 4733.838357 seconds (0d 1h 18m 53s)

---------------  T H R E A D  ---------------

Current thread (0x0000027c8312b800):  JavaThread "http-nio-8081-exec-10" daemon [_thread_in_Java, id=3884, stack(0x0000009081a00000,0x0000009081b00000)]

Stack: [0x0000009081a00000,0x0000009081b00000],  sp=0x0000009081afc280,  free space=1008k
Native frames: (J=compiled Java code, j=interpreted, Vv=VM code, C=native code)
C  0x0000027ce579bf8f


siginfo: EXCEPTION_ACCESS_VIOLATION (0xc0000005), reading address 0x0000027c879a3558


Register to memory mapping:

RIP=0x0000027ce579bf8f is at code_begin+79 in an Interpreter codelet
invokevirtual  182 invokevirtual  [0x0000027ce579bf40, 0x0000027ce579c540]  1536 bytes
RAX=0x00000007420bc0d8 is an oop: java.lang.Class 
{0x00000007420bc0d8} - klass: 'java/lang/Class'
RBX=0x00000000000000b6 is an unknown value
RCX=0x0000027c8780ee78 is pointing into metadata
RDX=0x00000000000328d8 is an unknown value
RSP=0x0000009081afc280 is pointing into the stack for thread: 0x0000027c8312b800
RBP=0x0000009081afc2d8 is pointing into the stack for thread: 0x0000027c8312b800
RSI=0x000000074eaf97a8 is an oop: com.vaadin.flow.internal.CurrentInstance 
{0x000000074eaf97a8} - klass: 'com/vaadin/flow/internal/CurrentInstance'
RDI=0x0000027ce6abadcc is at entry_point+268 in (nmethod*)0x0000027ce6abaa90
R8 =0x0000000000000004 is an unknown value
R9 =0x0000000000000004 is an unknown value
R10=0x00007ffd3a957af0 jvm.dll
R11=0x0000027c8780e0c8 is pointing into metadata
R12=0x0 is NULL
R13=0x0000027c8780de6e is pointing into metadata
R14=0x0000009081afc310 is pointing into the stack for thread: 0x0000027c8312b800
R15=0x0000027c8312b800 is a thread


Registers:
RAX=0x00000007420bc0d8, RBX=0x00000000000000b6, RCX=0x0000027c8780ee78, RDX=0x00000000000328d8
RSP=0x0000009081afc280, RBP=0x0000009081afc2d8, RSI=0x000000074eaf97a8, RDI=0x0000027ce6abadcc
R8 =0x0000000000000004, R9 =0x0000000000000004, R10=0x00007ffd3a957af0, R11=0x0000027c8780e0c8
R12=0x0000000000000000, R13=0x0000027c8780de6e, R14=0x0000009081afc310, R15=0x0000027c8312b800
RIP=0x0000027ce579bf8f, EFLAGS=0x0000000000010206

Top of Stack: (sp=0x0000009081afc280)
0x0000009081afc280:   00000007420bc0d8 000000074a3573d0
0x0000009081afc290:   0000009081afc290 0000027c8780de6e
0x0000009081afc2a0:   0000009081afc310 0000027c8780ee78
0x0000009081afc2b0:   0000000000000000 00000007423c7700
0x0000009081afc2c0:   0000027c8780def0 0000000000000000
0x0000009081afc2d0:   0000009081afc300 0000009081afc360
0x0000009081afc2e0:   0000027ce577ccfd 000000074f2a6bf8
0x0000009081afc2f0:   0000000000000001 00000007498435d8
0x0000009081afc300:   000000074eafc448 000000074f2a6bf8
0x0000009081afc310:   0000000744615c68 0000009081afc318
0x0000009081afc320:   0000027c87821081 0000009081afc378
0x0000009081afc330:   0000027c878211e8 0000000000000000
0x0000009081afc340:   000000074a300db0 0000027c87821090
0x0000009081afc350:   0000009081afc300 0000009081afc370
0x0000009081afc360:   0000009081afc3c8 0000027ce577ce04
0x0000009081afc370:   000000074eafc448 000000074f2a86d8 

Instructions: (pc=0x0000027ce579bf8f)
0x0000027ce579bf6f:   00 00 00 00 00 4c 89 54 24 08 e9 01 00 00 00 50
0x0000027ce579bf7f:   4c 89 6d c0 41 0f b7 55 01 48 8b 4d d0 c1 e2 02
0x0000027ce579bf8f:   8b 5c d1 20 c1 eb 18 81 e3 ff 00 00 00 81 fb b6
0x0000027ce579bf9f:   00 00 00 0f 84 8a 01 00 00 bb b6 00 00 00 e8 05 


Stack slot to memory mapping:
stack at sp + 0 slots: 0x00000007420bc0d8 is an oop: java.lang.Class 
{0x00000007420bc0d8} - klass: 'java/lang/Class'
stack at sp + 1 slots: 0x000000074a3573d0 is an oop: com.vaadin.flow.component.internal.JavaScriptBootstrapUI 
{0x000000074a3573d0} - klass: 'com/vaadin/flow/component/internal/JavaScriptBootstrapUI'
stack at sp + 2 slots: 0x0000009081afc290 is pointing into the stack for thread: 0x0000027c8312b800
stack at sp + 3 slots: 0x0000027c8780de6e is pointing into metadata
stack at sp + 4 slots: 0x0000009081afc310 is pointing into the stack for thread: 0x0000027c8312b800
stack at sp + 5 slots: 0x0000027c8780ee78 is pointing into metadata
stack at sp + 6 slots: 0x0 is NULL
stack at sp + 7 slots: 0x00000007423c7700 is an oop: java.lang.Class 
{0x00000007423c7700} - klass: 'java/lang/Class'

invokevirtual  182 invokevirtual  [0x0000027ce579bf40, 0x0000027ce579c540]  1536 bytes

---------------  P R O C E S S  ---------------

Threads class SMR info:
_java_thread_list=0x0000027c84d38b10, length=49, elements={
0x0000027cfef8b800, 0x0000027cfef95000, 0x0000027cfefee000, 0x0000027cfeff0000,
0x0000027cfeff1000, 0x0000027cfeff6800, 0x0000027cfeff7800, 0x0000027cff1b8800,
0x0000027cff252000, 0x0000027cff233800, 0x0000027cff261800, 0x0000027c80247000,
0x0000027c809c1000, 0x0000027cff477800, 0x0000027c82d79800, 0x0000027c82a4f800,
0x0000027c83438800, 0x0000027c83439000, 0x0000027c8343f000, 0x0000027c8343c800,
0x0000027c8343d000, 0x0000027c8343e000, 0x0000027c83128000, 0x0000027c83125000,
0x0000027c83129000, 0x0000027c83126800, 0x0000027c83123000, 0x0000027c83124000,
0x0000027c8312b800, 0x0000027c8312a800, 0x0000027c83129800, 0x0000027c83125800,
0x0000027c8312d000, 0x0000027c8312e800, 0x0000027c8312f800, 0x0000027c83132000,
0x0000027c8343a000, 0x0000027c8343a800, 0x0000027c84eaa800, 0x0000027c84eab000,
0x0000027c84ea5800, 0x0000027c84ea8800, 0x0000027c84eac000, 0x0000027c84ead000,
0x0000027c84ea6800, 0x0000027c84ea8000, 0x0000027c84eb2800, 0x0000027c84eaf000,
0x0000027c84ea9800
}

Java Threads: ( => current thread )
  0x0000027cfef8b800 JavaThread "Reference Handler" daemon [_thread_blocked, id=11800, stack(0x00000090fed00000,0x00000090fee00000)]
  0x0000027cfef95000 JavaThread "Finalizer" daemon [_thread_blocked, id=11788, stack(0x00000090fee00000,0x00000090fef00000)]
  0x0000027cfefee000 JavaThread "Signal Dispatcher" daemon [_thread_blocked, id=14044, stack(0x00000090fef00000,0x00000090ff000000)]
  0x0000027cfeff0000 JavaThread "Attach Listener" daemon [_thread_blocked, id=15332, stack(0x00000090ff000000,0x00000090ff100000)]
  0x0000027cfeff1000 JavaThread "Service Thread" daemon [_thread_blocked, id=12592, stack(0x00000090ff100000,0x00000090ff200000)]
  0x0000027cfeff6800 JavaThread "C1 CompilerThread0" daemon [_thread_blocked, id=14504, stack(0x00000090ff200000,0x00000090ff300000)]
  0x0000027cfeff7800 JavaThread "Sweeper thread" daemon [_thread_blocked, id=12816, stack(0x00000090ff300000,0x00000090ff400000)]
  0x0000027cff1b8800 JavaThread "Common-Cleaner" daemon [_thread_blocked, id=7276, stack(0x00000090ff400000,0x00000090ff500000)]
  0x0000027cff252000 JavaThread "JDWP Transport Listener: dt_socket" daemon [_thread_blocked, id=9016, stack(0x00000090ff500000,0x00000090ff600000)]
  0x0000027cff233800 JavaThread "JDWP Event Helper Thread" daemon [_thread_blocked, id=12732, stack(0x00000090ff600000,0x00000090ff700000)]
  0x0000027cff261800 JavaThread "JDWP Command Reader" daemon [_thread_in_native, id=14228, stack(0x00000090ff700000,0x00000090ff800000)]
  0x0000027c80247000 JavaThread "RMI TCP Accept-0" daemon [_thread_in_native, id=14456, stack(0x00000090ff800000,0x00000090ff900000)]
  0x0000027c809c1000 JavaThread "RMI Scheduler(0)" daemon [_thread_blocked, id=15848, stack(0x0000009080100000,0x0000009080200000)]
  0x0000027cff477800 JavaThread "Catalina-utility-1" [_thread_blocked, id=2556, stack(0x0000009080600000,0x0000009080700000)]
  0x0000027c82d79800 JavaThread "Catalina-utility-2" [_thread_blocked, id=2652, stack(0x0000009080700000,0x0000009080800000)]
  0x0000027c82a4f800 JavaThread "container-0" [_thread_blocked, id=15484, stack(0x0000009080800000,0x0000009080900000)]
  0x0000027c83438800 JavaThread "ForkJoinPool.commonPool-worker-5" daemon [_thread_blocked, id=9992, stack(0x0000009080900000,0x0000009080a00000)]
  0x0000027c83439000 JavaThread "Thread-1" daemon [_thread_in_native, id=15232, stack(0x0000009080a00000,0x0000009080b00000)]
  0x0000027c8343f000 JavaThread "Atmosphere-Shared-0" daemon [_thread_blocked, id=10760, stack(0x0000009080f00000,0x0000009081000000)]
  0x0000027c8343c800 JavaThread "http-nio-8081-exec-1" daemon [_thread_blocked, id=15792, stack(0x0000009081100000,0x0000009081200000)]
  0x0000027c8343d000 JavaThread "http-nio-8081-exec-2" daemon [_thread_blocked, id=13788, stack(0x0000009081200000,0x0000009081300000)]
  0x0000027c8343e000 JavaThread "http-nio-8081-exec-3" daemon [_thread_blocked, id=6368, stack(0x0000009081300000,0x0000009081400000)]
  0x0000027c83128000 JavaThread "http-nio-8081-exec-4" daemon [_thread_blocked, id=16564, stack(0x0000009081400000,0x0000009081500000)]
  0x0000027c83125000 JavaThread "http-nio-8081-exec-5" daemon [_thread_blocked, id=8036, stack(0x0000009081500000,0x0000009081600000)]
  0x0000027c83129000 JavaThread "http-nio-8081-exec-6" daemon [_thread_blocked, id=16428, stack(0x0000009081600000,0x0000009081700000)]
  0x0000027c83126800 JavaThread "http-nio-8081-exec-7" daemon [_thread_blocked, id=15984, stack(0x0000009081700000,0x0000009081800000)]
  0x0000027c83123000 JavaThread "http-nio-8081-exec-8" daemon [_thread_blocked, id=11168, stack(0x0000009081800000,0x0000009081900000)]
  0x0000027c83124000 JavaThread "http-nio-8081-exec-9" daemon [_thread_blocked, id=16764, stack(0x0000009081900000,0x0000009081a00000)]
=>0x0000027c8312b800 JavaThread "http-nio-8081-exec-10" daemon [_thread_in_Java, id=3884, stack(0x0000009081a00000,0x0000009081b00000)]
  0x0000027c8312a800 JavaThread "http-nio-8081-Poller" daemon [_thread_in_native, id=16260, stack(0x0000009081b00000,0x0000009081c00000)]
  0x0000027c83129800 JavaThread "http-nio-8081-Acceptor" daemon [_thread_in_native, id=5880, stack(0x0000009081c00000,0x0000009081d00000)]
  0x0000027c83125800 JavaThread "DestroyJavaVM" [_thread_blocked, id=15060, stack(0x00000090fe600000,0x00000090fe700000)]
  0x0000027c8312d000 JavaThread "dev-server-output" daemon [_thread_in_native, id=13496, stack(0x0000009081e00000,0x0000009081f00000)]
  0x0000027c8312e800 JavaThread "reactor-http-nio-1" daemon [_thread_in_native, id=3588, stack(0x0000009080300000,0x0000009080400000)]
  0x0000027c8312f800 JavaThread "reactor-http-nio-2" daemon [_thread_in_native, id=12352, stack(0x0000009082200000,0x0000009082300000)]
  0x0000027c83132000 JavaThread "reactor-http-nio-3" daemon [_thread_in_native, id=3868, stack(0x0000009082300000,0x0000009082400000)]
  0x0000027c8343a000 JavaThread "reactor-http-nio-4" daemon [_thread_in_native, id=4312, stack(0x0000009082400000,0x0000009082500000)]
  0x0000027c8343a800 JavaThread "reactor-http-nio-5" daemon [_thread_in_native, id=12208, stack(0x0000009082500000,0x0000009082600000)]
  0x0000027c84eaa800 JavaThread "reactor-http-nio-6" daemon [_thread_in_native, id=16584, stack(0x0000009082600000,0x0000009082700000)]
  0x0000027c84eab000 JavaThread "reactor-http-nio-7" daemon [_thread_in_native, id=8088, stack(0x0000009082700000,0x0000009082800000)]
  0x0000027c84ea5800 JavaThread "reactor-http-nio-8" daemon [_thread_in_native, id=13592, stack(0x0000009082800000,0x0000009082900000)]
  0x0000027c84ea8800 JavaThread "Thread-17" daemon [_thread_in_native, id=14940, stack(0x0000009081f00000,0x0000009082000000)]
  0x0000027c84eac000 JavaThread "Atmosphere-Scheduler-155" daemon [_thread_blocked, id=14968, stack(0x0000009080b00000,0x0000009080c00000)]
  0x0000027c84ead000 JavaThread "Atmosphere-Scheduler-156" daemon [_thread_blocked, id=14732, stack(0x0000009080400000,0x0000009080500000)]
  0x0000027c84ea6800 JavaThread "Atmosphere-Shared-3" daemon [_thread_blocked, id=516, stack(0x0000009082000000,0x0000009082100000)]
  0x0000027c84ea8000 JavaThread "Atmosphere-Shared-0" daemon [_thread_blocked, id=1100, stack(0x0000009082100000,0x0000009082200000)]
  0x0000027c84eb2800 JavaThread "Atmosphere-Shared-4" daemon [_thread_blocked, id=268, stack(0x0000009082a00000,0x0000009082b00000)]
  0x0000027c84eaf000 JavaThread "WebSocket background processing" daemon [_thread_blocked, id=8800, stack(0x0000009082b00000,0x0000009082c00000)]
  0x0000027c84ea9800 JavaThread "Keep-Alive-Timer" daemon [_thread_blocked, id=16844, stack(0x0000009081d00000,0x0000009081e00000)]

Other Threads:
  0x0000027cfef67000 VMThread "VM Thread" [stack: 0x00000090fec00000,0x00000090fed00000] [id=5492]
  0x0000027c8023e000 WatcherThread [stack: 0x00000090ff900000,0x00000090ffa00000] [id=17176]
  0x0000027cde0f1000 GCTaskThread "GC Thread#0" [stack: 0x00000090fe700000,0x00000090fe800000] [id=7352]
  0x0000027c8037a800 GCTaskThread "GC Thread#1" [stack: 0x00000090ffa00000,0x00000090ffb00000] [id=16928]
  0x0000027c803b9000 GCTaskThread "GC Thread#2" [stack: 0x00000090ffb00000,0x00000090ffc00000] [id=10040]
  0x0000027c803ca800 GCTaskThread "GC Thread#3" [stack: 0x00000090ffc00000,0x00000090ffd00000] [id=15664]
  0x0000027cffb46800 GCTaskThread "GC Thread#4" [stack: 0x0000009080200000,0x0000009080300000] [id=16920]
  0x0000027cffb49000 GCTaskThread "GC Thread#5" [stack: 0x0000009080c00000,0x0000009080d00000] [id=4192]
  0x0000027cffb47000 GCTaskThread "GC Thread#6" [stack: 0x0000009080d00000,0x0000009080e00000] [id=14100]
  0x0000027cffb47800 GCTaskThread "GC Thread#7" [stack: 0x0000009080e00000,0x0000009080f00000] [id=15036]
  0x0000027cde138000 ConcurrentGCThread "G1 Main Marker" [stack: 0x00000090fe800000,0x00000090fe900000] [id=10340]
  0x0000027cde13a000 ConcurrentGCThread "G1 Conc#0" [stack: 0x00000090fe900000,0x00000090fea00000] [id=16876]
  0x0000027c80995000 ConcurrentGCThread "G1 Conc#1" [stack: 0x0000009080000000,0x0000009080100000] [id=560]
  0x0000027cde19e800 ConcurrentGCThread "G1 Refine#0" [stack: 0x00000090fea00000,0x00000090feb00000] [id=15352]
  0x0000027cff275000 ConcurrentGCThread "G1 Refine#1" [stack: 0x00000090ffd00000,0x00000090ffe00000] [id=16992]
  0x0000027c85088800 ConcurrentGCThread "G1 Refine#2" [stack: 0x0000009080500000,0x0000009080600000] [id=2524]
  0x0000027cfe5cb800 ConcurrentGCThread "G1 Young RemSet Sampling" [stack: 0x00000090feb00000,0x00000090fec00000] [id=4260]

Threads with active compile tasks:

VM state:not at safepoint (normal execution)

VM Mutex/Monitor currently owned by a thread: None

Heap address: 0x0000000741600000, size: 3050 MB, Compressed Oops mode: Zero based, Oop shift amount: 3
Narrow klass base: 0x0000000800000000, Narrow klass shift: 0
Compressed class space size: 1073741824 Address: 0x0000000800000000

Heap:
 garbage-first heap   total 236544K, used 112313K [0x0000000741600000, 0x0000000800000000)
  region size 1024K, 27 young (27648K), 7 survivors (7168K)
 Metaspace       used 84827K, capacity 87830K, committed 88068K, reserved 1126400K
  class space    used 10645K, capacity 11855K, committed 11904K, reserved 1048576K
Heap Regions: E=young(eden), S=young(survivor), O=old, HS=humongous(starts), HC=humongous(continues), CS=collection set, F=free, A=archive, TAMS=top-at-mark-start (previous, next)
|   0|0x0000000741600000, 0x0000000741700000, 0x0000000741700000|100%| O|  |TAMS 0x0000000741700000, 0x0000000741600000| Untracked 
|   1|0x0000000741700000, 0x0000000741800000, 0x0000000741800000|100%| O|  |TAMS 0x0000000741800000, 0x0000000741700000| Untracked 
|   2|0x0000000741800000, 0x0000000741900000, 0x0000000741900000|100%| O|  |TAMS 0x0000000741900000, 0x0000000741800000| Untracked 
|   3|0x0000000741900000, 0x0000000741a00000, 0x0000000741a00000|100%| O|  |TAMS 0x0000000741a00000, 0x0000000741900000| Untracked 
|   4|0x0000000741a00000, 0x0000000741b00000, 0x0000000741b00000|100%| O|  |TAMS 0x0000000741b00000, 0x0000000741a00000| Untracked 
|   5|0x0000000741b00000, 0x0000000741c00000, 0x0000000741c00000|100%| O|  |TAMS 0x0000000741c00000, 0x0000000741b00000| Untracked 
|   6|0x0000000741c00000, 0x0000000741d00000, 0x0000000741d00000|100%| O|  |TAMS 0x0000000741d00000, 0x0000000741c00000| Untracked 
|   7|0x0000000741d00000, 0x0000000741e00000, 0x0000000741e00000|100%| O|  |TAMS 0x0000000741e00000, 0x0000000741d00000| Untracked 
|   8|0x0000000741e00000, 0x0000000741f00000, 0x0000000741f00000|100%| O|  |TAMS 0x0000000741f00000, 0x0000000741e00000| Untracked 
|   9|0x0000000741f00000, 0x0000000742000000, 0x0000000742000000|100%| O|  |TAMS 0x0000000742000000, 0x0000000741f00000| Untracked 
|  10|0x0000000742000000, 0x0000000742100000, 0x0000000742100000|100%| O|  |TAMS 0x0000000742100000, 0x0000000742000000| Untracked 
|  11|0x0000000742100000, 0x0000000742200000, 0x0000000742200000|100%| O|  |TAMS 0x0000000742200000, 0x0000000742100000| Untracked 
|  12|0x0000000742200000, 0x0000000742300000, 0x0000000742300000|100%| O|  |TAMS 0x0000000742300000, 0x0000000742200000| Untracked 
|  13|0x0000000742300000, 0x0000000742400000, 0x0000000742400000|100%| O|  |TAMS 0x0000000742400000, 0x0000000742300000| Untracked 
|  14|0x0000000742400000, 0x0000000742500000, 0x0000000742500000|100%| O|  |TAMS 0x0000000742500000, 0x0000000742400000| Untracked 
|  15|0x0000000742500000, 0x0000000742600000, 0x0000000742600000|100%| O|  |TAMS 0x0000000742600000, 0x0000000742500000| Untracked 
|  16|0x0000000742600000, 0x0000000742700000, 0x0000000742700000|100%| O|  |TAMS 0x0000000742700000, 0x0000000742600000| Untracked 
|  17|0x0000000742700000, 0x0000000742800000, 0x0000000742800000|100%| O|  |TAMS 0x0000000742800000, 0x0000000742700000| Untracked 
|  18|0x0000000742800000, 0x0000000742900000, 0x0000000742900000|100%| O|  |TAMS 0x0000000742900000, 0x0000000742800000| Untracked 
|  19|0x0000000742900000, 0x0000000742a00000, 0x0000000742a00000|100%| O|  |TAMS 0x0000000742a00000, 0x0000000742900000| Untracked 
|  20|0x0000000742a00000, 0x0000000742b00000, 0x0000000742b00000|100%| O|  |TAMS 0x0000000742b00000, 0x0000000742a00000| Untracked 
|  21|0x0000000742b00000, 0x0000000742c00000, 0x0000000742c00000|100%| O|  |TAMS 0x0000000742c00000, 0x0000000742b00000| Untracked 
|  22|0x0000000742c00000, 0x0000000742d00000, 0x0000000742d00000|100%| O|  |TAMS 0x0000000742d00000, 0x0000000742c00000| Untracked 
|  23|0x0000000742d00000, 0x0000000742e00000, 0x0000000742e00000|100%| O|  |TAMS 0x0000000742e00000, 0x0000000742d00000| Untracked 
|  24|0x0000000742e00000, 0x0000000742f00000, 0x0000000742f00000|100%| O|  |TAMS 0x0000000742f00000, 0x0000000742e00000| Untracked 
|  25|0x0000000742f00000, 0x0000000743000000, 0x0000000743000000|100%| O|  |TAMS 0x0000000743000000, 0x0000000742f00000| Untracked 
|  26|0x0000000743000000, 0x0000000743100000, 0x0000000743100000|100%| O|  |TAMS 0x0000000743100000, 0x0000000743000000| Untracked 
|  27|0x0000000743100000, 0x0000000743200000, 0x0000000743200000|100%| O|  |TAMS 0x0000000743200000, 0x0000000743100000| Untracked 
|  28|0x0000000743200000, 0x0000000743300000, 0x0000000743300000|100%| O|  |TAMS 0x0000000743300000, 0x0000000743200000| Untracked 
|  29|0x0000000743300000, 0x0000000743400000, 0x0000000743400000|100%| O|  |TAMS 0x0000000743300000, 0x0000000743300000| Untracked 
|  30|0x0000000743400000, 0x0000000743500000, 0x0000000743500000|100%| O|  |TAMS 0x0000000743400000, 0x0000000743400000| Untracked 
|  31|0x0000000743500000, 0x0000000743600000, 0x0000000743600000|100%| O|  |TAMS 0x0000000743500000, 0x0000000743500000| Untracked 
|  32|0x0000000743600000, 0x0000000743700000, 0x0000000743700000|100%| O|  |TAMS 0x0000000743600000, 0x0000000743600000| Untracked 
|  33|0x0000000743700000, 0x0000000743800000, 0x0000000743800000|100%| O|  |TAMS 0x0000000743700000, 0x0000000743700000| Untracked 
|  34|0x0000000743800000, 0x0000000743900000, 0x0000000743900000|100%| O|  |TAMS 0x0000000743800000, 0x0000000743800000| Untracked 
|  35|0x0000000743900000, 0x0000000743a00000, 0x0000000743a00000|100%| O|  |TAMS 0x0000000743a00000, 0x0000000743900000| Untracked 
|  36|0x0000000743a00000, 0x0000000743b00000, 0x0000000743b00000|100%| O|  |TAMS 0x0000000743b00000, 0x0000000743a00000| Untracked 
|  37|0x0000000743b00000, 0x0000000743c00000, 0x0000000743c00000|100%| O|  |TAMS 0x0000000743c00000, 0x0000000743b00000| Untracked 
|  38|0x0000000743c00000, 0x0000000743d00000, 0x0000000743d00000|100%| O|  |TAMS 0x0000000743d00000, 0x0000000743c00000| Untracked 
|  39|0x0000000743d00000, 0x0000000743e00000, 0x0000000743e00000|100%| O|  |TAMS 0x0000000743d00000, 0x0000000743d00000| Untracked 
|  40|0x0000000743e00000, 0x0000000743f00000, 0x0000000743f00000|100%| O|  |TAMS 0x0000000743f00000, 0x0000000743e00000| Untracked 
|  41|0x0000000743f00000, 0x0000000744000000, 0x0000000744000000|100%| O|  |TAMS 0x0000000744000000, 0x0000000743f00000| Untracked 
|  42|0x0000000744000000, 0x0000000744100000, 0x0000000744100000|100%| O|  |TAMS 0x0000000744100000, 0x0000000744000000| Untracked 
|  43|0x0000000744100000, 0x0000000744200000, 0x0000000744200000|100%| O|  |TAMS 0x0000000744200000, 0x0000000744100000| Untracked 
|  44|0x0000000744200000, 0x0000000744300000, 0x0000000744300000|100%| O|  |TAMS 0x0000000744300000, 0x0000000744200000| Untracked 
|  45|0x0000000744300000, 0x0000000744400000, 0x0000000744400000|100%| O|  |TAMS 0x0000000744400000, 0x0000000744300000| Untracked 
|  46|0x0000000744400000, 0x0000000744500000, 0x0000000744500000|100%| O|  |TAMS 0x00000007444e8a00, 0x0000000744400000| Untracked 
|  47|0x0000000744500000, 0x0000000744600000, 0x0000000744600000|100%| O|  |TAMS 0x0000000744500000, 0x0000000744500000| Untracked 
|  48|0x0000000744600000, 0x0000000744700000, 0x0000000744700000|100%| O|  |TAMS 0x0000000744600000, 0x0000000744600000| Untracked 
|  49|0x0000000744700000, 0x0000000744800000, 0x0000000744800000|100%| O|  |TAMS 0x0000000744700000, 0x0000000744700000| Untracked 
|  50|0x0000000744800000, 0x0000000744900000, 0x0000000744900000|100%| O|  |TAMS 0x0000000744800000, 0x0000000744800000| Untracked 
|  51|0x0000000744900000, 0x0000000744a00000, 0x0000000744a00000|100%| O|  |TAMS 0x0000000744900000, 0x0000000744900000| Untracked 
|  52|0x0000000744a00000, 0x0000000744b00000, 0x0000000744b00000|100%| O|  |TAMS 0x0000000744a00000, 0x0000000744a00000| Untracked 
|  53|0x0000000744b00000, 0x0000000744c00000, 0x0000000744c00000|100%| O|  |TAMS 0x0000000744b00000, 0x0000000744b00000| Untracked 
|  54|0x0000000744c00000, 0x0000000744d00000, 0x0000000744d00000|100%| O|  |TAMS 0x0000000744c00000, 0x0000000744c00000| Untracked 
|  55|0x0000000744d00000, 0x0000000744e00000, 0x0000000744e00000|100%| O|  |TAMS 0x0000000744d00000, 0x0000000744d00000| Untracked 
|  56|0x0000000744e00000, 0x0000000744f00000, 0x0000000744f00000|100%| O|  |TAMS 0x0000000744e00000, 0x0000000744e00000| Untracked 
|  57|0x0000000744f00000, 0x0000000745000000, 0x0000000745000000|100%| O|  |TAMS 0x0000000744f00000, 0x0000000744f00000| Untracked 
|  58|0x0000000745000000, 0x0000000745100000, 0x0000000745100000|100%| O|  |TAMS 0x0000000745000000, 0x0000000745000000| Untracked 
|  59|0x0000000745100000, 0x0000000745200000, 0x0000000745200000|100%| O|  |TAMS 0x0000000745100000, 0x0000000745100000| Untracked 
|  60|0x0000000745200000, 0x0000000745300000, 0x0000000745300000|100%| O|  |TAMS 0x0000000745200000, 0x0000000745200000| Untracked 
|  61|0x0000000745300000, 0x0000000745400000, 0x0000000745400000|100%| O|  |TAMS 0x0000000745300000, 0x0000000745300000| Untracked 
|  62|0x0000000745400000, 0x0000000745500000, 0x0000000745500000|100%| O|  |TAMS 0x0000000745400000, 0x0000000745400000| Untracked 
|  63|0x0000000745500000, 0x0000000745600000, 0x0000000745600000|100%| O|  |TAMS 0x0000000745500000, 0x0000000745500000| Untracked 
|  64|0x0000000745600000, 0x0000000745700000, 0x0000000745700000|100%| O|  |TAMS 0x0000000745600000, 0x0000000745600000| Untracked 
|  65|0x0000000745700000, 0x0000000745800000, 0x0000000745800000|100%| O|  |TAMS 0x0000000745700000, 0x0000000745700000| Untracked 
|  66|0x0000000745800000, 0x0000000745900000, 0x0000000745900000|100%| O|  |TAMS 0x0000000745800000, 0x0000000745800000| Untracked 
|  67|0x0000000745900000, 0x0000000745a00000, 0x0000000745a00000|100%| O|  |TAMS 0x0000000745900000, 0x0000000745900000| Untracked 
|  68|0x0000000745a00000, 0x0000000745b00000, 0x0000000745b00000|100%| O|  |TAMS 0x0000000745a00000, 0x0000000745a00000| Untracked 
|  69|0x0000000745b00000, 0x0000000745c00000, 0x0000000745c00000|100%| O|  |TAMS 0x0000000745b00000, 0x0000000745b00000| Untracked 
|  70|0x0000000745c00000, 0x0000000745d00000, 0x0000000745d00000|100%| O|  |TAMS 0x0000000745c00000, 0x0000000745c00000| Untracked 
|  71|0x0000000745d00000, 0x0000000745e00000, 0x0000000745e00000|100%| O|  |TAMS 0x0000000745d00000, 0x0000000745d00000| Untracked 
|  72|0x0000000745e00000, 0x0000000745f00000, 0x0000000745f00000|100%| O|  |TAMS 0x0000000745e00000, 0x0000000745e00000| Untracked 
|  73|0x0000000745f00000, 0x0000000746000000, 0x0000000746000000|100%| O|  |TAMS 0x0000000745f00000, 0x0000000745f00000| Untracked 
|  74|0x0000000746000000, 0x0000000746100000, 0x0000000746100000|100%| O|  |TAMS 0x0000000746000000, 0x0000000746000000| Untracked 
|  75|0x0000000746100000, 0x0000000746200000, 0x0000000746200000|100%| O|  |TAMS 0x0000000746100000, 0x0000000746100000| Untracked 
|  76|0x0000000746200000, 0x0000000746300000, 0x0000000746300000|100%| O|  |TAMS 0x0000000746200000, 0x0000000746200000| Untracked 
|  77|0x0000000746300000, 0x0000000746400000, 0x0000000746400000|100%| O|  |TAMS 0x0000000746300000, 0x0000000746300000| Untracked 
|  78|0x0000000746400000, 0x0000000746500000, 0x0000000746500000|100%| O|  |TAMS 0x0000000746400000, 0x0000000746400000| Untracked 
|  79|0x0000000746500000, 0x0000000746600000, 0x0000000746600000|100%| O|  |TAMS 0x0000000746500000, 0x0000000746500000| Untracked 
|  80|0x0000000746600000, 0x0000000746700000, 0x0000000746700000|100%| O|  |TAMS 0x0000000746600000, 0x0000000746600000| Untracked 
|  81|0x0000000746700000, 0x0000000746700000, 0x0000000746800000|  0%| F|  |TAMS 0x0000000746700000, 0x0000000746700000| Untracked 
|  82|0x0000000746800000, 0x0000000746800000, 0x0000000746900000|  0%| F|  |TAMS 0x0000000746800000, 0x0000000746800000| Untracked 
|  83|0x0000000746900000, 0x0000000746900000, 0x0000000746a00000|  0%| F|  |TAMS 0x0000000746900000, 0x0000000746900000| Untracked 
|  84|0x0000000746a00000, 0x0000000746a00000, 0x0000000746b00000|  0%| F|  |TAMS 0x0000000746a00000, 0x0000000746a00000| Untracked 
|  85|0x0000000746b00000, 0x0000000746b00000, 0x0000000746c00000|  0%| F|  |TAMS 0x0000000746b00000, 0x0000000746b00000| Untracked 
|  86|0x0000000746c00000, 0x0000000746c00000, 0x0000000746d00000|  0%| F|  |TAMS 0x0000000746c00000, 0x0000000746c00000| Untracked 
|  87|0x0000000746d00000, 0x0000000746d00000, 0x0000000746e00000|  0%| F|  |TAMS 0x0000000746d00000, 0x0000000746d00000| Untracked 
|  88|0x0000000746e00000, 0x0000000746e00000, 0x0000000746f00000|  0%| F|  |TAMS 0x0000000746e00000, 0x0000000746e00000| Untracked 
|  89|0x0000000746f00000, 0x0000000746f00000, 0x0000000747000000|  0%| F|  |TAMS 0x0000000746f00000, 0x0000000746f00000| Untracked 
|  90|0x0000000747000000, 0x0000000747000000, 0x0000000747100000|  0%| F|  |TAMS 0x0000000747000000, 0x0000000747000000| Untracked 
|  91|0x0000000747100000, 0x0000000747100000, 0x0000000747200000|  0%| F|  |TAMS 0x0000000747100000, 0x0000000747100000| Untracked 
|  92|0x0000000747200000, 0x0000000747200000, 0x0000000747300000|  0%| F|  |TAMS 0x0000000747200000, 0x0000000747200000| Untracked 
|  93|0x0000000747300000, 0x0000000747300000, 0x0000000747400000|  0%| F|  |TAMS 0x0000000747300000, 0x0000000747300000| Untracked 
|  94|0x0000000747400000, 0x0000000747400000, 0x0000000747500000|  0%| F|  |TAMS 0x0000000747400000, 0x0000000747400000| Untracked 
|  95|0x0000000747500000, 0x0000000747500000, 0x0000000747600000|  0%| F|  |TAMS 0x0000000747500000, 0x0000000747500000| Untracked 
|  96|0x0000000747600000, 0x0000000747600000, 0x0000000747700000|  0%| F|  |TAMS 0x0000000747600000, 0x0000000747600000| Untracked 
|  97|0x0000000747700000, 0x0000000747700000, 0x0000000747800000|  0%| F|  |TAMS 0x0000000747700000, 0x0000000747700000| Untracked 
|  98|0x0000000747800000, 0x0000000747900000, 0x0000000747900000|100%| O|  |TAMS 0x0000000747800000, 0x0000000747800000| Untracked 
|  99|0x0000000747900000, 0x0000000747a00000, 0x0000000747a00000|100%| O|  |TAMS 0x0000000747900000, 0x0000000747900000| Untracked 
| 100|0x0000000747a00000, 0x0000000747b00000, 0x0000000747b00000|100%| O|  |TAMS 0x0000000747a00000, 0x0000000747a00000| Untracked 
| 101|0x0000000747b00000, 0x0000000747c00000, 0x0000000747c00000|100%| O|  |TAMS 0x0000000747b00000, 0x0000000747b00000| Untracked 
| 102|0x0000000747c00000, 0x0000000747c00000, 0x0000000747d00000|  0%| F|  |TAMS 0x0000000747c00000, 0x0000000747c00000| Untracked 
| 103|0x0000000747d00000, 0x0000000747d00000, 0x0000000747e00000|  0%| F|  |TAMS 0x0000000747d00000, 0x0000000747d00000| Untracked 
| 104|0x0000000747e00000, 0x0000000747e00000, 0x0000000747f00000|  0%| F|  |TAMS 0x0000000747e00000, 0x0000000747e00000| Untracked 
| 105|0x0000000747f00000, 0x0000000747f00000, 0x0000000748000000|  0%| F|  |TAMS 0x0000000747f00000, 0x0000000747f00000| Untracked 
| 106|0x0000000748000000, 0x0000000748000000, 0x0000000748100000|  0%| F|  |TAMS 0x0000000748000000, 0x0000000748000000| Untracked 
| 107|0x0000000748100000, 0x0000000748100000, 0x0000000748200000|  0%| F|  |TAMS 0x0000000748100000, 0x0000000748100000| Untracked 
| 108|0x0000000748200000, 0x0000000748200000, 0x0000000748300000|  0%| F|  |TAMS 0x0000000748200000, 0x0000000748200000| Untracked 
| 109|0x0000000748300000, 0x0000000748300000, 0x0000000748400000|  0%| F|  |TAMS 0x0000000748300000, 0x0000000748300000| Untracked 
| 110|0x0000000748400000, 0x0000000748400000, 0x0000000748500000|  0%| F|  |TAMS 0x0000000748400000, 0x0000000748400000| Untracked 
| 111|0x0000000748500000, 0x0000000748500000, 0x0000000748600000|  0%| F|  |TAMS 0x0000000748500000, 0x0000000748500000| Untracked 
| 112|0x0000000748600000, 0x0000000748600000, 0x0000000748700000|  0%| F|  |TAMS 0x0000000748600000, 0x0000000748600000| Untracked 
| 113|0x0000000748700000, 0x0000000748700000, 0x0000000748800000|  0%| F|  |TAMS 0x0000000748700000, 0x0000000748700000| Untracked 
| 114|0x0000000748800000, 0x0000000748800000, 0x0000000748900000|  0%| F|  |TAMS 0x0000000748800000, 0x0000000748800000| Untracked 
| 115|0x0000000748900000, 0x0000000748900000, 0x0000000748a00000|  0%| F|  |TAMS 0x0000000748900000, 0x0000000748900000| Untracked 
| 116|0x0000000748a00000, 0x0000000748a00000, 0x0000000748b00000|  0%| F|  |TAMS 0x0000000748a00000, 0x0000000748a00000| Untracked 
| 117|0x0000000748b00000, 0x0000000748b00000, 0x0000000748c00000|  0%| F|  |TAMS 0x0000000748b00000, 0x0000000748b00000| Untracked 
| 118|0x0000000748c00000, 0x0000000748c00000, 0x0000000748d00000|  0%| F|  |TAMS 0x0000000748c00000, 0x0000000748c00000| Untracked 
| 119|0x0000000748d00000, 0x0000000748d00000, 0x0000000748e00000|  0%| F|  |TAMS 0x0000000748d00000, 0x0000000748d00000| Untracked 
| 120|0x0000000748e00000, 0x0000000748e00000, 0x0000000748f00000|  0%| F|  |TAMS 0x0000000748e00000, 0x0000000748e00000| Untracked 
| 121|0x0000000748f00000, 0x0000000748f00000, 0x0000000749000000|  0%| F|  |TAMS 0x0000000748f00000, 0x0000000748f00000| Untracked 
| 122|0x0000000749000000, 0x0000000749000000, 0x0000000749100000|  0%| F|  |TAMS 0x0000000749000000, 0x0000000749000000| Untracked 
| 123|0x0000000749100000, 0x0000000749100000, 0x0000000749200000|  0%| F|  |TAMS 0x0000000749100000, 0x0000000749100000| Untracked 
| 124|0x0000000749200000, 0x0000000749200000, 0x0000000749300000|  0%| F|  |TAMS 0x0000000749200000, 0x0000000749200000| Untracked 
| 125|0x0000000749300000, 0x0000000749300000, 0x0000000749400000|  0%| F|  |TAMS 0x0000000749300000, 0x0000000749300000| Untracked 
| 126|0x0000000749400000, 0x0000000749400000, 0x0000000749500000|  0%| F|  |TAMS 0x0000000749400000, 0x0000000749400000| Untracked 
| 127|0x0000000749500000, 0x0000000749500000, 0x0000000749600000|  0%| F|  |TAMS 0x0000000749500000, 0x0000000749500000| Untracked 
| 128|0x0000000749600000, 0x00000007496ae760, 0x0000000749700000| 68%| S|CS|TAMS 0x0000000749600000, 0x0000000749600000| Complete 
| 129|0x0000000749700000, 0x0000000749800000, 0x0000000749800000|100%| S|CS|TAMS 0x0000000749700000, 0x0000000749700000| Complete 
| 130|0x0000000749800000, 0x0000000749900000, 0x0000000749900000|100%| S|CS|TAMS 0x0000000749800000, 0x0000000749800000| Complete 
| 131|0x0000000749900000, 0x0000000749a00000, 0x0000000749a00000|100%| S|CS|TAMS 0x0000000749900000, 0x0000000749900000| Complete 
| 132|0x0000000749a00000, 0x0000000749b00000, 0x0000000749b00000|100%| S|CS|TAMS 0x0000000749a00000, 0x0000000749a00000| Complete 
| 133|0x0000000749b00000, 0x0000000749b00000, 0x0000000749c00000|  0%| F|  |TAMS 0x0000000749b00000, 0x0000000749b00000| Untracked 
| 134|0x0000000749c00000, 0x0000000749c00000, 0x0000000749d00000|  0%| F|  |TAMS 0x0000000749c00000, 0x0000000749c00000| Untracked 
| 135|0x0000000749d00000, 0x0000000749d00000, 0x0000000749e00000|  0%| F|  |TAMS 0x0000000749d00000, 0x0000000749d00000| Untracked 
| 136|0x0000000749e00000, 0x0000000749e00000, 0x0000000749f00000|  0%| F|  |TAMS 0x0000000749e00000, 0x0000000749e00000| Untracked 
| 137|0x0000000749f00000, 0x0000000749f00000, 0x000000074a000000|  0%| F|  |TAMS 0x0000000749f00000, 0x0000000749f00000| Untracked 
| 138|0x000000074a000000, 0x000000074a000000, 0x000000074a100000|  0%| F|  |TAMS 0x000000074a000000, 0x000000074a000000| Untracked 
| 139|0x000000074a100000, 0x000000074a100000, 0x000000074a200000|  0%| F|  |TAMS 0x000000074a100000, 0x000000074a100000| Untracked 
| 140|0x000000074a200000, 0x000000074a300000, 0x000000074a300000|100%| S|CS|TAMS 0x000000074a200000, 0x000000074a200000| Complete 
| 141|0x000000074a300000, 0x000000074a400000, 0x000000074a400000|100%| S|CS|TAMS 0x000000074a300000, 0x000000074a300000| Complete 
| 142|0x000000074a400000, 0x000000074a400000, 0x000000074a500000|  0%| F|  |TAMS 0x000000074a400000, 0x000000074a400000| Untracked 
| 143|0x000000074a500000, 0x000000074a500000, 0x000000074a600000|  0%| F|  |TAMS 0x000000074a500000, 0x000000074a500000| Untracked 
| 144|0x000000074a600000, 0x000000074a600000, 0x000000074a700000|  0%| F|  |TAMS 0x000000074a600000, 0x000000074a600000| Untracked 
| 145|0x000000074a700000, 0x000000074a700000, 0x000000074a800000|  0%| F|  |TAMS 0x000000074a700000, 0x000000074a700000| Untracked 
| 146|0x000000074a800000, 0x000000074a800000, 0x000000074a900000|  0%| F|  |TAMS 0x000000074a800000, 0x000000074a800000| Untracked 
| 147|0x000000074a900000, 0x000000074a900000, 0x000000074aa00000|  0%| F|  |TAMS 0x000000074a900000, 0x000000074a900000| Untracked 
| 148|0x000000074aa00000, 0x000000074aa00000, 0x000000074ab00000|  0%| F|  |TAMS 0x000000074aa00000, 0x000000074aa00000| Untracked 
| 149|0x000000074ab00000, 0x000000074ab00000, 0x000000074ac00000|  0%| F|  |TAMS 0x000000074ab00000, 0x000000074ab00000| Untracked 
| 150|0x000000074ac00000, 0x000000074ac00000, 0x000000074ad00000|  0%| F|  |TAMS 0x000000074ac00000, 0x000000074ac00000| Untracked 
| 151|0x000000074ad00000, 0x000000074ad00000, 0x000000074ae00000|  0%| F|  |TAMS 0x000000074ad00000, 0x000000074ad00000| Untracked 
| 152|0x000000074ae00000, 0x000000074ae00000, 0x000000074af00000|  0%| F|  |TAMS 0x000000074ae00000, 0x000000074ae00000| Untracked 
| 153|0x000000074af00000, 0x000000074af00000, 0x000000074b000000|  0%| F|  |TAMS 0x000000074af00000, 0x000000074af00000| Untracked 
| 154|0x000000074b000000, 0x000000074b000000, 0x000000074b100000|  0%| F|  |TAMS 0x000000074b000000, 0x000000074b000000| Untracked 
| 155|0x000000074b100000, 0x000000074b100000, 0x000000074b200000|  0%| F|  |TAMS 0x000000074b100000, 0x000000074b100000| Untracked 
| 156|0x000000074b200000, 0x000000074b200000, 0x000000074b300000|  0%| F|  |TAMS 0x000000074b200000, 0x000000074b200000| Untracked 
| 157|0x000000074b300000, 0x000000074b300000, 0x000000074b400000|  0%| F|  |TAMS 0x000000074b300000, 0x000000074b300000| Untracked 
| 158|0x000000074b400000, 0x000000074b400000, 0x000000074b500000|  0%| F|  |TAMS 0x000000074b400000, 0x000000074b400000| Untracked 
| 159|0x000000074b500000, 0x000000074b500000, 0x000000074b600000|  0%| F|  |TAMS 0x000000074b500000, 0x000000074b500000| Untracked 
| 160|0x000000074b600000, 0x000000074b600000, 0x000000074b700000|  0%| F|  |TAMS 0x000000074b600000, 0x000000074b600000| Untracked 
| 161|0x000000074b700000, 0x000000074b700000, 0x000000074b800000|  0%| F|  |TAMS 0x000000074b700000, 0x000000074b700000| Untracked 
| 162|0x000000074b800000, 0x000000074b800000, 0x000000074b900000|  0%| F|  |TAMS 0x000000074b800000, 0x000000074b800000| Untracked 
| 163|0x000000074b900000, 0x000000074b900000, 0x000000074ba00000|  0%| F|  |TAMS 0x000000074b900000, 0x000000074b900000| Untracked 
| 164|0x000000074ba00000, 0x000000074ba00000, 0x000000074bb00000|  0%| F|  |TAMS 0x000000074ba00000, 0x000000074ba00000| Untracked 
| 165|0x000000074bb00000, 0x000000074bb00000, 0x000000074bc00000|  0%| F|  |TAMS 0x000000074bb00000, 0x000000074bb00000| Untracked 
| 166|0x000000074bc00000, 0x000000074bc00000, 0x000000074bd00000|  0%| F|  |TAMS 0x000000074bc00000, 0x000000074bc00000| Untracked 
| 167|0x000000074bd00000, 0x000000074bd00000, 0x000000074be00000|  0%| F|  |TAMS 0x000000074bd00000, 0x000000074bd00000| Untracked 
| 168|0x000000074be00000, 0x000000074be00000, 0x000000074bf00000|  0%| F|  |TAMS 0x000000074be00000, 0x000000074be00000| Untracked 
| 169|0x000000074bf00000, 0x000000074bf00000, 0x000000074c000000|  0%| F|  |TAMS 0x000000074bf00000, 0x000000074bf00000| Untracked 
| 170|0x000000074c000000, 0x000000074c000000, 0x000000074c100000|  0%| F|  |TAMS 0x000000074c000000, 0x000000074c000000| Untracked 
| 171|0x000000074c100000, 0x000000074c100000, 0x000000074c200000|  0%| F|  |TAMS 0x000000074c100000, 0x000000074c100000| Untracked 
| 172|0x000000074c200000, 0x000000074c200000, 0x000000074c300000|  0%| F|  |TAMS 0x000000074c200000, 0x000000074c200000| Untracked 
| 173|0x000000074c300000, 0x000000074c300000, 0x000000074c400000|  0%| F|  |TAMS 0x000000074c300000, 0x000000074c300000| Untracked 
| 174|0x000000074c400000, 0x000000074c400000, 0x000000074c500000|  0%| F|  |TAMS 0x000000074c400000, 0x000000074c400000| Untracked 
| 175|0x000000074c500000, 0x000000074c500000, 0x000000074c600000|  0%| F|  |TAMS 0x000000074c500000, 0x000000074c500000| Untracked 
| 176|0x000000074c600000, 0x000000074c600000, 0x000000074c700000|  0%| F|  |TAMS 0x000000074c600000, 0x000000074c600000| Untracked 
| 177|0x000000074c700000, 0x000000074c700000, 0x000000074c800000|  0%| F|  |TAMS 0x000000074c700000, 0x000000074c700000| Untracked 
| 178|0x000000074c800000, 0x000000074c800000, 0x000000074c900000|  0%| F|  |TAMS 0x000000074c800000, 0x000000074c800000| Untracked 
| 179|0x000000074c900000, 0x000000074c900000, 0x000000074ca00000|  0%| F|  |TAMS 0x000000074c900000, 0x000000074c900000| Untracked 
| 180|0x000000074ca00000, 0x000000074ca00000, 0x000000074cb00000|  0%| F|  |TAMS 0x000000074ca00000, 0x000000074ca00000| Untracked 
| 181|0x000000074cb00000, 0x000000074cb00000, 0x000000074cc00000|  0%| F|  |TAMS 0x000000074cb00000, 0x000000074cb00000| Untracked 
| 182|0x000000074cc00000, 0x000000074cc00000, 0x000000074cd00000|  0%| F|  |TAMS 0x000000074cc00000, 0x000000074cc00000| Untracked 
| 183|0x000000074cd00000, 0x000000074cd00000, 0x000000074ce00000|  0%| F|  |TAMS 0x000000074cd00000, 0x000000074cd00000| Untracked 
| 184|0x000000074ce00000, 0x000000074ce00000, 0x000000074cf00000|  0%| F|  |TAMS 0x000000074ce00000, 0x000000074ce00000| Untracked 
| 185|0x000000074cf00000, 0x000000074cf00000, 0x000000074d000000|  0%| F|  |TAMS 0x000000074cf00000, 0x000000074cf00000| Untracked 
| 186|0x000000074d000000, 0x000000074d000000, 0x000000074d100000|  0%| F|  |TAMS 0x000000074d000000, 0x000000074d000000| Untracked 
| 187|0x000000074d100000, 0x000000074d100000, 0x000000074d200000|  0%| F|  |TAMS 0x000000074d100000, 0x000000074d100000| Untracked 
| 188|0x000000074d200000, 0x000000074d200000, 0x000000074d300000|  0%| F|  |TAMS 0x000000074d200000, 0x000000074d200000| Untracked 
| 189|0x000000074d300000, 0x000000074d300000, 0x000000074d400000|  0%| F|  |TAMS 0x000000074d300000, 0x000000074d300000| Untracked 
| 190|0x000000074d400000, 0x000000074d400000, 0x000000074d500000|  0%| F|  |TAMS 0x000000074d400000, 0x000000074d400000| Untracked 
| 191|0x000000074d500000, 0x000000074d500000, 0x000000074d600000|  0%| F|  |TAMS 0x000000074d500000, 0x000000074d500000| Untracked 
| 192|0x000000074d600000, 0x000000074d600000, 0x000000074d700000|  0%| F|  |TAMS 0x000000074d600000, 0x000000074d600000| Untracked 
| 193|0x000000074d700000, 0x000000074d700000, 0x000000074d800000|  0%| F|  |TAMS 0x000000074d700000, 0x000000074d700000| Untracked 
| 194|0x000000074d800000, 0x000000074d800000, 0x000000074d900000|  0%| F|  |TAMS 0x000000074d800000, 0x000000074d800000| Untracked 
| 195|0x000000074d900000, 0x000000074d900000, 0x000000074da00000|  0%| F|  |TAMS 0x000000074d900000, 0x000000074d900000| Untracked 
| 196|0x000000074da00000, 0x000000074da00000, 0x000000074db00000|  0%| F|  |TAMS 0x000000074da00000, 0x000000074da00000| Untracked 
| 197|0x000000074db00000, 0x000000074db00000, 0x000000074dc00000|  0%| F|  |TAMS 0x000000074db00000, 0x000000074db00000| Untracked 
| 198|0x000000074dc00000, 0x000000074dc00000, 0x000000074dd00000|  0%| F|  |TAMS 0x000000074dc00000, 0x000000074dc00000| Untracked 
| 199|0x000000074dd00000, 0x000000074dd00000, 0x000000074de00000|  0%| F|  |TAMS 0x000000074dd00000, 0x000000074dd00000| Untracked 
| 200|0x000000074de00000, 0x000000074de00000, 0x000000074df00000|  0%| F|  |TAMS 0x000000074de00000, 0x000000074de00000| Untracked 
| 201|0x000000074df00000, 0x000000074df00000, 0x000000074e000000|  0%| F|  |TAMS 0x000000074df00000, 0x000000074df00000| Untracked 
| 202|0x000000074e000000, 0x000000074e000000, 0x000000074e100000|  0%| F|  |TAMS 0x000000074e000000, 0x000000074e000000| Untracked 
| 203|0x000000074e100000, 0x000000074e100000, 0x000000074e200000|  0%| F|  |TAMS 0x000000074e100000, 0x000000074e100000| Untracked 
| 204|0x000000074e200000, 0x000000074e200000, 0x000000074e300000|  0%| F|  |TAMS 0x000000074e200000, 0x000000074e200000| Untracked 
| 205|0x000000074e300000, 0x000000074e300000, 0x000000074e400000|  0%| F|  |TAMS 0x000000074e300000, 0x000000074e300000| Untracked 
| 206|0x000000074e400000, 0x000000074e400000, 0x000000074e500000|  0%| F|  |TAMS 0x000000074e400000, 0x000000074e400000| Untracked 
| 207|0x000000074e500000, 0x000000074e500000, 0x000000074e600000|  0%| F|  |TAMS 0x000000074e500000, 0x000000074e500000| Untracked 
| 208|0x000000074e600000, 0x000000074e600000, 0x000000074e700000|  0%| F|  |TAMS 0x000000074e600000, 0x000000074e600000| Untracked 
| 209|0x000000074e700000, 0x000000074e700000, 0x000000074e800000|  0%| F|  |TAMS 0x000000074e700000, 0x000000074e700000| Untracked 
| 210|0x000000074e800000, 0x000000074e800000, 0x000000074e900000|  0%| F|  |TAMS 0x000000074e800000, 0x000000074e800000| Untracked 
| 211|0x000000074e900000, 0x000000074e930020, 0x000000074ea00000| 18%| E|  |TAMS 0x000000074e900000, 0x000000074e900000| Complete 
| 212|0x000000074ea00000, 0x000000074eb00000, 0x000000074eb00000|100%| E|CS|TAMS 0x000000074ea00000, 0x000000074ea00000| Complete 
| 213|0x000000074eb00000, 0x000000074ec00000, 0x000000074ec00000|100%| E|  |TAMS 0x000000074eb00000, 0x000000074eb00000| Complete 
| 214|0x000000074ec00000, 0x000000074ed00000, 0x000000074ed00000|100%| E|CS|TAMS 0x000000074ec00000, 0x000000074ec00000| Complete 
| 215|0x000000074ed00000, 0x000000074ee00000, 0x000000074ee00000|100%| E|CS|TAMS 0x000000074ed00000, 0x000000074ed00000| Complete 
| 216|0x000000074ee00000, 0x000000074ef00000, 0x000000074ef00000|100%| E|CS|TAMS 0x000000074ee00000, 0x000000074ee00000| Complete 
| 217|0x000000074ef00000, 0x000000074f000000, 0x000000074f000000|100%| E|CS|TAMS 0x000000074ef00000, 0x000000074ef00000| Complete 
| 218|0x000000074f000000, 0x000000074f100000, 0x000000074f100000|100%| E|CS|TAMS 0x000000074f000000, 0x000000074f000000| Complete 
| 219|0x000000074f100000, 0x000000074f200000, 0x000000074f200000|100%| E|CS|TAMS 0x000000074f100000, 0x000000074f100000| Complete 
| 220|0x000000074f200000, 0x000000074f300000, 0x000000074f300000|100%| E|CS|TAMS 0x000000074f200000, 0x000000074f200000| Complete 
| 221|0x000000074f300000, 0x000000074f400000, 0x000000074f400000|100%| E|CS|TAMS 0x000000074f300000, 0x000000074f300000| Complete 
| 222|0x000000074f400000, 0x000000074f500000, 0x000000074f500000|100%| E|CS|TAMS 0x000000074f400000, 0x000000074f400000| Complete 
| 223|0x000000074f500000, 0x000000074f600000, 0x000000074f600000|100%| E|CS|TAMS 0x000000074f500000, 0x000000074f500000| Complete 
| 224|0x000000074f600000, 0x000000074f700000, 0x000000074f700000|100%| E|CS|TAMS 0x000000074f600000, 0x000000074f600000| Complete 
| 225|0x000000074f700000, 0x000000074f800000, 0x000000074f800000|100%| E|CS|TAMS 0x000000074f700000, 0x000000074f700000| Complete 
| 226|0x000000074f800000, 0x000000074f900000, 0x000000074f900000|100%| E|CS|TAMS 0x000000074f800000, 0x000000074f800000| Complete 
| 227|0x000000074f900000, 0x000000074fa00000, 0x000000074fa00000|100%| E|CS|TAMS 0x000000074f900000, 0x000000074f900000| Complete 
| 228|0x000000074fa00000, 0x000000074fb00000, 0x000000074fb00000|100%| E|CS|TAMS 0x000000074fa00000, 0x000000074fa00000| Complete 
| 229|0x000000074fb00000, 0x000000074fc00000, 0x000000074fc00000|100%| E|CS|TAMS 0x000000074fb00000, 0x000000074fb00000| Complete 
| 230|0x000000074fc00000, 0x000000074fd00000, 0x000000074fd00000|100%| E|CS|TAMS 0x000000074fc00000, 0x000000074fc00000| Complete 

Card table byte_map: [0x0000027cf50a0000,0x0000027cf56a0000] _byte_map_base: 0x0000027cf1695000

Marking Bits (Prev, Next): (CMBitMap*) 0x0000027cde12b330, (CMBitMap*) 0x0000027cde12b2f8
 Prev Bits: [0x0000027cf8c50000, 0x0000027cfbbf8000)
 Next Bits: [0x0000027cf5ca0000, 0x0000027cf8c48000)

Polling page: 0x0000027cdc250000

Metaspace:

Usage:
  Non-class:     74.19 MB capacity,    72.44 MB ( 98%) used,     1.39 MB (  2%) free+waste,   369.00 KB ( <1%) overhead. 
      Class:     11.58 MB capacity,    10.40 MB ( 90%) used,     1.01 MB (  9%) free+waste,   179.38 KB (  2%) overhead. 
       Both:     85.77 MB capacity,    82.84 MB ( 97%) used,     2.40 MB (  3%) free+waste,   548.38 KB ( <1%) overhead. 

Virtual space:
  Non-class space:       76.00 MB reserved,      74.38 MB ( 98%) committed 
      Class space:        1.00 GB reserved,      11.63 MB (  1%) committed 
             Both:        1.07 GB reserved,      86.00 MB (  8%) committed 

Chunk freelists:
   Non-Class:  128 bytes
       Class:  0 bytes
        Both:  128 bytes

CodeHeap 'non-profiled nmethods': size=238336Kb used=14275Kb max_used=14275Kb free=224060Kb
 bounds [0x0000027ce5eb0000, 0x0000027ce6cb0000, 0x0000027cf4770000]
CodeHeap 'non-nmethods': size=7424Kb used=1375Kb max_used=1375Kb free=6048Kb
 bounds [0x0000027ce5770000, 0x0000027ce59e0000, 0x0000027ce5eb0000]
 total_blobs=9056 nmethods=8382 adapters=607
 compilation: enabled
              stopped_count=0, restarted_count=0
 full_count=0

Compilation events (10 events):
Event: 4733.829 Thread 0x0000027cfeff6800 8379       1       org.apache.coyote.AbstractProcessor::setSslSupport (6 bytes)
Event: 4733.829 Thread 0x0000027cfeff6800 nmethod 8379 0x0000027ce6c9fe90 code [0x0000027ce6ca0020, 0x0000027ce6ca0138]
Event: 4733.830 Thread 0x0000027cfeff6800 8380       1       org.apache.coyote.AbstractProcessor::setSocketWrapper (6 bytes)
Event: 4733.830 Thread 0x0000027cfeff6800 nmethod 8380 0x0000027ce6ca0190 code [0x0000027ce6ca0320, 0x0000027ce6ca0438]
Event: 4733.830 Thread 0x0000027cfeff6800 8381       1       org.apache.tomcat.util.net.NioChannel::setAppReadBufHandler (6 bytes)
Event: 4733.830 Thread 0x0000027cfeff6800 nmethod 8381 0x0000027ce6ca0490 code [0x0000027ce6ca0620, 0x0000027ce6ca0738]
Event: 4733.830 Thread 0x0000027cfeff6800 8382       1       org.apache.tomcat.util.net.SocketWrapperBase::getSocketBufferHandler (5 bytes)
Event: 4733.830 Thread 0x0000027cfeff6800 nmethod 8382 0x0000027ce6ca0790 code [0x0000027ce6ca0920, 0x0000027ce6ca09d8]
Event: 4733.830 Thread 0x0000027cfeff6800 8383       1       org.apache.coyote.http11.Http11OutputBuffer::init (6 bytes)
Event: 4733.830 Thread 0x0000027cfeff6800 nmethod 8383 0x0000027ce6ca0a90 code [0x0000027ce6ca0c20, 0x0000027ce6ca0d38]

GC Heap History (10 events):
Event: 146.284 GC heap before
{Heap before GC invocations=23 (full 0):
 garbage-first heap   total 236544K, used 184491K [0x0000000741600000, 0x0000000800000000)
  region size 1024K, 138 young (141312K), 7 survivors (7168K)
 Metaspace       used 75999K, capacity 78766K, committed 79108K, reserved 1118208K
  class space    used 9372K, capacity 10513K, committed 10624K, reserved 1048576K
}
Event: 146.315 GC heap after
{Heap after GC invocations=24 (full 0):
 garbage-first heap   total 236544K, used 60654K [0x0000000741600000, 0x0000000800000000)
  region size 1024K, 16 young (16384K), 16 survivors (16384K)
 Metaspace       used 75999K, capacity 78766K, committed 79108K, reserved 1118208K
  class space    used 9372K, capacity 10513K, committed 10624K, reserved 1048576K
}
Event: 146.338 GC heap before
{Heap before GC invocations=24 (full 0):
 garbage-first heap   total 236544K, used 61678K [0x0000000741600000, 0x0000000800000000)
  region size 1024K, 17 young (17408K), 16 survivors (16384K)
 Metaspace       used 76056K, capacity 78830K, committed 79108K, reserved 1118208K
  class space    used 9380K, capacity 10513K, committed 10624K, reserved 1048576K
}
Event: 146.366 GC heap after
{Heap after GC invocations=25 (full 0):
 garbage-first heap   total 236544K, used 58287K [0x0000000741600000, 0x0000000800000000)
  region size 1024K, 2 young (2048K), 2 survivors (2048K)
 Metaspace       used 76056K, capacity 78830K, committed 79108K, reserved 1118208K
  class space    used 9380K, capacity 10513K, committed 10624K, reserved 1048576K
}
Event: 151.581 GC heap before
{Heap before GC invocations=25 (full 0):
 garbage-first heap   total 236544K, used 192431K [0x0000000741600000, 0x0000000800000000)
  region size 1024K, 133 young (136192K), 2 survivors (2048K)
 Metaspace       used 80953K, capacity 83826K, committed 83972K, reserved 1122304K
  class space    used 9944K, capacity 11114K, committed 11136K, reserved 1048576K
}
Event: 151.626 GC heap after
{Heap after GC invocations=26 (full 0):
 garbage-first heap   total 236544K, used 86290K [0x0000000741600000, 0x0000000800000000)
  region size 1024K, 17 young (17408K), 17 survivors (17408K)
 Metaspace       used 80953K, capacity 83826K, committed 83972K, reserved 1122304K
  class space    used 9944K, capacity 11114K, committed 11136K, reserved 1048576K
}
Event: 194.174 GC heap before
{Heap before GC invocations=26 (full 0):
 garbage-first heap   total 236544K, used 179474K [0x0000000741600000, 0x0000000800000000)
  region size 1024K, 108 young (110592K), 17 survivors (17408K)
 Metaspace       used 84689K, capacity 87669K, committed 87812K, reserved 1126400K
  class space    used 10623K, capacity 11832K, committed 11904K, reserved 1048576K
}
Event: 194.213 GC heap after
{Heap after GC invocations=27 (full 0):
 garbage-first heap   total 236544K, used 93530K [0x0000000741600000, 0x0000000800000000)
  region size 1024K, 7 young (7168K), 7 survivors (7168K)
 Metaspace       used 84689K, capacity 87669K, committed 87812K, reserved 1126400K
  class space    used 10623K, capacity 11832K, committed 11904K, reserved 1048576K
}
Event: 4730.827 GC heap before
{Heap before GC invocations=27 (full 0):
 garbage-first heap   total 236544K, used 183642K [0x0000000741600000, 0x0000000800000000)
  region size 1024K, 96 young (98304K), 7 survivors (7168K)
 Metaspace       used 84827K, capacity 87830K, committed 88068K, reserved 1126400K
  class space    used 10645K, capacity 11855K, committed 11904K, reserved 1048576K
}
Event: 4730.842 GC heap after
{Heap after GC invocations=28 (full 0):
 garbage-first heap   total 236544K, used 93881K [0x0000000741600000, 0x0000000800000000)
  region size 1024K, 7 young (7168K), 7 survivors (7168K)
 Metaspace       used 84827K, capacity 87830K, committed 88068K, reserved 1126400K
  class space    used 10645K, capacity 11855K, committed 11904K, reserved 1048576K
}

Deoptimization events (0 events):
No events

Classes redefined (2 events):
Event: 186.205 Thread 0x0000027cfef67000 redefined class name=bsu.rpact.medionefrontend.utils.RippleCardFactory, count=1
Event: 276.969 Thread 0x0000027cfef67000 redefined class name=bsu.rpact.medionefrontend.utils.RippleCardFactory, count=2

Internal exceptions (10 events):
Event: 4714.597 Thread 0x0000027c83123000 Exception <a 'java/lang/reflect/InvocationTargetException'{0x000000074ae37338}> (0x000000074ae37338) thrown at [./open/src/hotspot/share/runtime/reflection.cpp, line 1242]
Event: 4731.110 Thread 0x0000027c83125000 Exception <a 'java/net/SocketException'{0x000000074ea70c78}: Software caused connection abort: socket write error> (0x000000074ea70c78) thrown at [./open/src/hotspot/share/prims/jni.cpp, line 632]
Event: 4731.111 Thread 0x0000027c83125000 Exception <a 'java/net/SocketException'{0x000000074ea714f8}: Software caused connection abort: socket write error> (0x000000074ea714f8) thrown at [./open/src/hotspot/share/prims/jni.cpp, line 632]
Event: 4731.111 Thread 0x0000027c83125000 Exception <a 'java/net/SocketException'{0x000000074ea71d78}: Software caused connection abort: socket write error> (0x000000074ea71d78) thrown at [./open/src/hotspot/share/prims/jni.cpp, line 632]
Event: 4731.113 Thread 0x0000027c83124000 Exception <a 'java/net/SocketException'{0x000000074eaa7a60}: Software caused connection abort: socket write error> (0x000000074eaa7a60) thrown at [./open/src/hotspot/share/prims/jni.cpp, line 632]
Event: 4731.114 Thread 0x0000027c83124000 Exception <a 'java/net/SocketException'{0x000000074eaa82e0}: Software caused connection abort: socket write error> (0x000000074eaa82e0) thrown at [./open/src/hotspot/share/prims/jni.cpp, line 632]
Event: 4731.114 Thread 0x0000027c83124000 Exception <a 'java/net/SocketException'{0x000000074eaa8b60}: Software caused connection abort: socket write error> (0x000000074eaa8b60) thrown at [./open/src/hotspot/share/prims/jni.cpp, line 632]
Event: 4731.116 Thread 0x0000027c83129000 Exception <a 'java/net/SocketException'{0x000000074eabcb20}: Software caused connection abort: socket write error> (0x000000074eabcb20) thrown at [./open/src/hotspot/share/prims/jni.cpp, line 632]
Event: 4731.116 Thread 0x0000027c83129000 Exception <a 'java/net/SocketException'{0x000000074eabd3a0}: Software caused connection abort: socket write error> (0x000000074eabd3a0) thrown at [./open/src/hotspot/share/prims/jni.cpp, line 632]
Event: 4731.116 Thread 0x0000027c83129000 Exception <a 'java/net/SocketException'{0x000000074eabdc20}: Software caused connection abort: socket write error> (0x000000074eabdc20) thrown at [./open/src/hotspot/share/prims/jni.cpp, line 632]

Events (10 events):
Event: 4731.116 Thread 0x0000027c83129000 DEOPT PACKING pc=0x0000027ce65909c4 sp=0x00000090816fc730
Event: 4731.116 Thread 0x0000027c83129000 DEOPT UNPACKING pc=0x0000027ce57abb5e sp=0x00000090816fbca0 mode 1
Event: 4731.116 Thread 0x0000027c83129000 DEOPT PACKING pc=0x0000027ce65901fc sp=0x00000090816fc870
Event: 4731.116 Thread 0x0000027c83129000 DEOPT UNPACKING pc=0x0000027ce57abb5e sp=0x00000090816fbd18 mode 1
Event: 4731.116 Thread 0x0000027c83129000 DEOPT PACKING pc=0x0000027ce647979c sp=0x00000090816fc8d0
Event: 4731.116 Thread 0x0000027c83129000 DEOPT UNPACKING pc=0x0000027ce57abb5e sp=0x00000090816fbd30 mode 1
Event: 4731.116 Thread 0x0000027c83129000 DEOPT PACKING pc=0x0000027ce6c6ac24 sp=0x00000090816fc940
Event: 4731.116 Thread 0x0000027c83129000 DEOPT UNPACKING pc=0x0000027ce57abb5e sp=0x00000090816fbdf0 mode 1
Event: 4733.828 Executing VM operation: BulkRevokeBias
Event: 4733.829 Executing VM operation: BulkRevokeBias done


Dynamic libraries:
0x00007ff609a20000 - 0x00007ff609a2f000 	C:\Program Files\Java\jdk-11.0.15\bin\java.exe
0x00007ffd7f320000 - 0x00007ffd7f529000 	C:\Windows\SYSTEM32\ntdll.dll
0x00007ffd7daa0000 - 0x00007ffd7db5d000 	C:\Windows\System32\KERNEL32.DLL
0x00007ffd7c9b0000 - 0x00007ffd7cd2b000 	C:\Windows\System32\KERNELBASE.dll
0x00007ffd7c7f0000 - 0x00007ffd7c901000 	C:\Windows\System32\ucrtbase.dll
0x00007ffd77440000 - 0x00007ffd77458000 	C:\Program Files\Java\jdk-11.0.15\bin\jli.dll
0x00007ffd7d930000 - 0x00007ffd7d9de000 	C:\Windows\System32\ADVAPI32.dll
0x00007ffd7eed0000 - 0x00007ffd7ef73000 	C:\Windows\System32\msvcrt.dll
0x00007ffd7d890000 - 0x00007ffd7d92e000 	C:\Windows\System32\sechost.dll
0x00007ffd7d6e0000 - 0x00007ffd7d800000 	C:\Windows\System32\RPCRT4.dll
0x00007ffd7d520000 - 0x00007ffd7d6cd000 	C:\Windows\System32\USER32.dll
0x00007ffd7d170000 - 0x00007ffd7d196000 	C:\Windows\System32\win32u.dll
0x00007ffd7db60000 - 0x00007ffd7db89000 	C:\Windows\System32\GDI32.dll
0x00007ffd7d050000 - 0x00007ffd7d168000 	C:\Windows\System32\gdi32full.dll
0x00007ffd7c910000 - 0x00007ffd7c9ad000 	C:\Windows\System32\msvcp_win.dll
0x00007ffd77710000 - 0x00007ffd77725000 	C:\Program Files\Java\jdk-11.0.15\bin\VCRUNTIME140.dll
0x00007ffd63af0000 - 0x00007ffd63d95000 	C:\Windows\WinSxS\amd64_microsoft.windows.common-controls_6595b64144ccf1df_6.0.22000.120_none_9d947278b86cc467\COMCTL32.dll
0x00007ffd76c70000 - 0x00007ffd76c7a000 	C:\Windows\SYSTEM32\VERSION.dll
0x00007ffd7d440000 - 0x00007ffd7d471000 	C:\Windows\System32\IMM32.DLL
0x00007ffd6cc20000 - 0x00007ffd6ccbb000 	C:\Program Files\Java\jdk-11.0.15\bin\msvcp140.dll
0x00007ffd39ef0000 - 0x00007ffd3aa06000 	C:\Program Files\Java\jdk-11.0.15\bin\server\jvm.dll
0x00007ffd7f210000 - 0x00007ffd7f218000 	C:\Windows\System32\PSAPI.DLL
0x00007ffd63dc0000 - 0x00007ffd63dc9000 	C:\Windows\SYSTEM32\WSOCK32.dll
0x00007ffd7e3b0000 - 0x00007ffd7e41f000 	C:\Windows\System32\WS2_32.dll
0x00007ffd761a0000 - 0x00007ffd761d3000 	C:\Windows\SYSTEM32\WINMM.dll
0x00007ffd7b960000 - 0x00007ffd7b978000 	C:\Windows\SYSTEM32\kernel.appcore.dll
0x00007ffd79bd0000 - 0x00007ffd79be0000 	C:\Program Files\Java\jdk-11.0.15\bin\verify.dll
0x00007ffd6da90000 - 0x00007ffd6dcb1000 	C:\Windows\SYSTEM32\DBGHELP.DLL
0x00007ffd675a0000 - 0x00007ffd675d1000 	C:\Windows\SYSTEM32\dbgcore.DLL
0x00007ffd7cd30000 - 0x00007ffd7cdaf000 	C:\Windows\System32\bcryptPrimitives.dll
0x00007ffd6ca90000 - 0x00007ffd6cab8000 	C:\Program Files\Java\jdk-11.0.15\bin\java.dll
0x00007ffd76270000 - 0x00007ffd7627a000 	C:\Program Files\Java\jdk-11.0.15\bin\jimage.dll
0x00007ffd6b4b0000 - 0x00007ffd6b4e8000 	C:\Program Files\Java\jdk-11.0.15\bin\jdwp.dll
0x00007ffd6ca40000 - 0x00007ffd6ca4e000 	C:\Program Files\Java\jdk-11.0.15\bin\instrument.dll
0x00007ffd6cc00000 - 0x00007ffd6cc16000 	C:\Program Files\Java\jdk-11.0.15\bin\zip.dll
0x00007ffd7dbf0000 - 0x00007ffd7e3a8000 	C:\Windows\System32\SHELL32.dll
0x00007ffd7a8e0000 - 0x00007ffd7b145000 	C:\Windows\SYSTEM32\windows.storage.dll
0x00007ffd7e6d0000 - 0x00007ffd7ea47000 	C:\Windows\System32\combase.dll
0x00007ffd7a770000 - 0x00007ffd7a8d6000 	C:\Windows\SYSTEM32\wintypes.dll
0x00007ffd7e420000 - 0x00007ffd7e50a000 	C:\Windows\System32\SHCORE.dll
0x00007ffd7db90000 - 0x00007ffd7dbed000 	C:\Windows\System32\shlwapi.dll
0x00007ffd7c720000 - 0x00007ffd7c741000 	C:\Windows\SYSTEM32\profapi.dll
0x00007ffd6a0c0000 - 0x00007ffd6a0ca000 	C:\Program Files\Java\jdk-11.0.15\bin\dt_socket.dll
0x00007ffd7be00000 - 0x00007ffd7be67000 	C:\Windows\system32\mswsock.dll
0x00007ffd6ca70000 - 0x00007ffd6ca89000 	C:\Program Files\Java\jdk-11.0.15\bin\net.dll
0x00007ffd72df0000 - 0x00007ffd72efc000 	C:\Windows\SYSTEM32\WINHTTP.dll
0x00007ffd6ca50000 - 0x00007ffd6ca62000 	C:\Program Files\Java\jdk-11.0.15\bin\nio.dll
0x00007ffd7b4c0000 - 0x00007ffd7b5a8000 	C:\Windows\SYSTEM32\DNSAPI.dll
0x00007ffd7b490000 - 0x00007ffd7b4bd000 	C:\Windows\SYSTEM32\IPHLPAPI.DLL
0x00007ffd7d430000 - 0x00007ffd7d439000 	C:\Windows\System32\NSI.dll
0x00007ffd71190000 - 0x00007ffd7119a000 	C:\Windows\System32\rasadhlp.dll
0x00007ffd73b20000 - 0x00007ffd73ba1000 	C:\Windows\System32\fwpuclnt.dll
0x00007ffd6ca30000 - 0x00007ffd6ca39000 	C:\Program Files\Java\jdk-11.0.15\bin\management.dll
0x00007ffd6ca20000 - 0x00007ffd6ca2b000 	C:\Program Files\Java\jdk-11.0.15\bin\management_ext.dll
0x00007ffd7c040000 - 0x00007ffd7c058000 	C:\Windows\SYSTEM32\CRYPTSP.dll
0x00007ffd7b8c0000 - 0x00007ffd7b8f5000 	C:\Windows\system32\rsaenh.dll
0x00007ffd7bef0000 - 0x00007ffd7bf19000 	C:\Windows\SYSTEM32\USERENV.dll
0x00007ffd7c1d0000 - 0x00007ffd7c1f7000 	C:\Windows\SYSTEM32\bcrypt.dll
0x00007ffd7c060000 - 0x00007ffd7c06c000 	C:\Windows\SYSTEM32\CRYPTBASE.dll
0x00007ffd74150000 - 0x00007ffd74169000 	C:\Windows\SYSTEM32\dhcpcsvc6.DLL
0x00007ffd75ca0000 - 0x00007ffd75cbe000 	C:\Windows\SYSTEM32\dhcpcsvc.DLL
0x00007ffd5bac0000 - 0x00007ffd5bad7000 	C:\Windows\system32\napinsp.dll
0x00007ffd57c20000 - 0x00007ffd57c3b000 	C:\Windows\system32\pnrpnsp.dll
0x00007ffd578e0000 - 0x00007ffd578f2000 	C:\Windows\System32\winrnr.dll
0x00007ffd744d0000 - 0x00007ffd744e5000 	C:\Windows\system32\wshbth.dll
0x00007ffd578c0000 - 0x00007ffd578df000 	C:\Windows\system32\nlansp_c.dll
0x00007ffd6a0b0000 - 0x00007ffd6a0bd000 	C:\Program Files\Java\jdk-11.0.15\bin\sunmscapi.dll
0x00007ffd7cee0000 - 0x00007ffd7d042000 	C:\Windows\System32\CRYPT32.dll
0x00007ffd7c1a0000 - 0x00007ffd7c1c8000 	C:\Windows\SYSTEM32\ncrypt.dll
0x00007ffd7c160000 - 0x00007ffd7c197000 	C:\Windows\SYSTEM32\NTASN1.dll
0x00007ffd69db0000 - 0x00007ffd69dd5000 	C:\Program Files\Java\jdk-11.0.15\bin\sunec.dll

dbghelp: loaded successfully - version: 4.0.5 - missing functions: none
symbol engine: initialized successfully - sym options: 0x614 - pdb path: .;C:\Program Files\Java\jdk-11.0.15\bin;C:\Windows\SYSTEM32;C:\Windows\WinSxS\amd64_microsoft.windows.common-controls_6595b64144ccf1df_6.0.22000.120_none_9d947278b86cc467;C:\Program Files\Java\jdk-11.0.15\bin\server

VM Arguments:
jvm_args: -agentlib:jdwp=transport=dt_socket,address=127.0.0.1:60989,suspend=y,server=n -XX:TieredStopAtLevel=1 -Xverify:none -Dspring.output.ansi.enabled=always -Dcom.sun.management.jmxremote -Dspring.jmx.enabled=true -Dspring.liveBeansView.mbeanDomain -Dspring.application.admin.enabled=true -javaagent:C:\Users\Daniil\AppData\Local\JetBrains\IntelliJIdea2021.3\captureAgent\debugger-agent.jar -Dfile.encoding=UTF-8 
java_command: bsu.rpact.medionefrontend.MedioneFrontendApplication
java_class_path (initial): D:\Projects\MedioneFrontend\target\classes;D:\Projects\MedioneFrontend\lib\javax.transaction.jar;D:\Projects\MedioneFrontend\lib\javax.jms.jar;D:\Projects\MedioneFrontend\lib\javax.servlet.jsp.jstl.jar;D:\Projects\MedioneFrontend\lib\javax.resource.jar;D:\Projects\MedioneFrontend\lib\javax.servlet.jsp.jar;D:\Projects\MedioneFrontend\lib\javax.persistence.jar;D:\Projects\MedioneFrontend\lib\javax.ejb.jar;C:\Users\Daniil\.m2\repository\javax\persistence\javax.persistence-api\2.2\javax.persistence-api-2.2.jar;C:\Users\Daniil\.m2\repository\org\springframework\boot\spring-boot-starter-webflux\2.6.7\spring-boot-starter-webflux-2.6.7.jar;C:\Users\Daniil\.m2\repository\org\springframework\boot\spring-boot-starter\2.6.7\spring-boot-starter-2.6.7.jar;C:\Users\Daniil\.m2\repository\org\springframework\boot\spring-boot\2.6.7\spring-boot-2.6.7.jar;C:\Users\Daniil\.m2\repository\org\springframework\boot\spring-boot-autoconfigure\2.6.7\spring-boot-autoconfigure-2.6.7.jar;C:\Users\Daniil\.m2\repository\org\springframework\boot\spring-boot-starter-logging\2.6.7\spring-boot-starter-logging-2.6.7.jar;C:\Users\Daniil\.m2\repository\ch\qos\logback\logback-classic\1.2.11\logback-classic-1.2.11.jar;C:\Users\Daniil\.m2\repository\ch\qos\logback\logback-core\1.2.11\logback-core-1.2.11.jar;C:\Users\Daniil\.m2\repository\org\apache\logging\log4j\log4j-to-slf4j\2.17.2\log4j-to-slf4j-2.17.2.jar;C:\Users\Daniil\.m2\repository\org\apache\logging\log4j\log4j-api\2.17.2\log4j-api-2.17.2.jar;C:\Users\Daniil\.m2\repository\org\slf4j\jul-to-slf4j\1.7.36\jul-to-slf4j-1.7.36.jar;C:\Users\Daniil\.m2\repository\org\yaml\snakeyaml\1.29\snakeyaml-1.29.jar;C:\Users\Daniil\.m2\repository\org\springframework\boot\spring-boot-starter-json\2.6.7\spring-boot-starter-json-2.6.7.jar;C:\Users\Daniil\.m2\repository\com\fasterxml\jackson\core\jackson-databind\2.13.2.1\jackson-databind-2.13.2.1.jar;C:\Users\Daniil\.m2\repository\com\fasterxml\jackson\core\jackson-annotations\2.13.2\jackson
Launcher Type: SUN_STANDARD

[Global flags]
     bool BytecodeVerificationLocal                = false                                     {product} {command line}
     bool BytecodeVerificationRemote               = false                                     {product} {command line}
     intx CICompilerCount                          = 4                                         {product} {ergonomic}
     uint ConcGCThreads                            = 2                                         {product} {ergonomic}
     uint G1ConcRefinementThreads                  = 8                                         {product} {ergonomic}
   size_t G1HeapRegionSize                         = 1048576                                   {product} {ergonomic}
    uintx GCDrainStackTargetSize                   = 64                                        {product} {ergonomic}
   size_t InitialHeapSize                          = 201326592                                 {product} {ergonomic}
     bool ManagementServer                         = true                                      {product} {command line}
   size_t MarkStackSize                            = 4194304                                   {product} {ergonomic}
   size_t MaxHeapSize                              = 3198156800                                {product} {ergonomic}
   size_t MaxNewSize                               = 1918894080                                {product} {ergonomic}
   size_t MinHeapDeltaBytes                        = 1048576                                   {product} {ergonomic}
    uintx NonNMethodCodeHeapSize                   = 7549744                                {pd product} {ergonomic}
    uintx NonProfiledCodeHeapSize                  = 244108496                              {pd product} {ergonomic}
    uintx ProfiledCodeHeapSize                     = 0                                      {pd product} {ergonomic}
    uintx ReservedCodeCacheSize                    = 251658240                              {pd product} {ergonomic}
     bool SegmentedCodeCache                       = true                                      {product} {ergonomic}
     intx TieredStopAtLevel                        = 1                                         {product} {command line}
     bool UseCompressedClassPointers               = true                                 {lp64_product} {ergonomic}
     bool UseCompressedOops                        = true                                 {lp64_product} {ergonomic}
     bool UseG1GC                                  = true                                      {product} {ergonomic}
     bool UseLargePagesIndividualAllocation        = false                                  {pd product} {ergonomic}

Logging:
Log output configuration:
 #0: stdout all=warning uptime,level,tags
 #1: stderr all=off uptime,level,tags

Environment Variables:
JAVA_HOME=C:\Program Files\Java\jdk-17.0.2
CLASSPATH=C:\Program Files\Java\jdk-17.0.2\lib\*.jar
PATH=D:\Programs\VMWare\bin\;C:\Program Files\Common Files\Oracle\Java\javapath;C:\Program Files (x86)\Common Files\Oracle\Java\javapath;C:\Windows\system32;C:\Windows;C:\Windows\System32\Wbem;C:\Windows\System32\WindowsPowerShell\v1.0\;D:\Programs\VS Compilers\mingw64\bin;C:\Program Files\Git\cmd;C:\Program Files\NVIDIA Corporation\NVIDIA NvDLISR;C:\Program Files (x86)\NVIDIA Corporation\PhysX\Common;C:\Program Files\Java\jdk-17.0.2\bin;D:\Programs\Matlab\runtime\win64;D:\Programs\Matlab\bin;C:\Users\Daniil\AppData\Roaming\nvm;C:\Program Files\nodejs;C:\Program Files\dotnet\;C:\Program Files\Maven\apache-maven-3.8.6\bin;D:\Programs\Postgres\bin;C:\Program Files\OpenSSH;C:\Users\Daniil\AppData\Local\Programs\Python\Python37\Scripts;C:\Program Files (x86)\Microsoft SQL Server\150\DTS\Binn\;C:\Program Files\Azure Data Studio\bin;C:\Program Files\Microsoft SQL Server\Client SDK\ODBC\170\Tools\Binn\;C:\Program Files (x86)\Microsoft SQL Server\150\Tools\Binn\;C:\Program Files\Microsoft SQL Server\150\Tools\Binn\;C:\Program Files\Microsoft SQL Server\150\DTS\Binn\;C:\Program Files\MySQL\MySQL Shell 8.0\bin\;C:\Users\Daniil\AppData\Local\Microsoft\WindowsApps;D:\Programs\Microsoft VS Code\bin;D:\Programs\IntelliJ IDEA 2021.3.1\bin;;D:\Programs\PyCharm 2021.3.2\bin;C:\Users\Daniil\AppData\Roaming\npm;C:\Users\Daniil\AppData\Roaming\nvm;C:\Program Files\nodejs;D:\Programs\PyCharm Community Edition 2022.2.3\bin;C:\Program Files\Azure Data Studio\bin;C:\Users\Daniil\AppData\Local\spicetify
USERNAME=Daniil
OS=Windows_NT
PROCESSOR_IDENTIFIER=Intel64 Family 6 Model 142 Stepping 10, GenuineIntel



---------------  S Y S T E M  ---------------

OS: Windows 11 , 64 bit Build 22000 (10.0.22000.708)

CPU:total 8 (initial active 8) (4 cores per cpu, 2 threads per core) family 6 model 142 stepping 10 microcode 0xe0, cmov, cx8, fxsr, mmx, sse, sse2, sse3, ssse3, sse4.1, sse4.2, popcnt, avx, avx2, aes, clmul, erms, 3dnowpref, lzcnt, ht, tsc, tscinvbit, bmi1, bmi2, adx, fma

Memory: 4k page, system-wide physical 12197M (342M free)
TotalPageFile size 24420M (AvailPageFile size 1552M)
current process WorkingSet (physical memory assigned to process): 361M, peak: 423M
current process commit charge ("private bytes"): 473M, peak: 473M

vm_info: Java HotSpot(TM) 64-Bit Server VM (11.0.15+8-LTS-149) for windows-amd64 JRE (11.0.15+8-LTS-149), built on Mar  9 2022 22:42:32 by "mach5one" with MS VC++ 15.9 (VS2017)

END.
